Analysis & Elaboration report for MAIN
Mon Oct 21 12:34:47 2024
Quartus Prime Version 18.1.0 Build 625 09/12/2018 SJ Lite Edition


---------------------
; Table of Contents ;
---------------------
  1. Legal Notice
  2. Analysis & Elaboration Summary
  3. Parallel Compilation
  4. Analysis & Elaboration IP Cores Summary
  5. Source assignments for PISA:pisa|RAM_pixels:ram_pixels|altsyncram:altsyncram_component|altsyncram_m002:auto_generated
  6. Parameter Settings for User Entity Instance: PISA:pisa|vga:vga
  7. Parameter Settings for User Entity Instance: PISA:pisa|vga:vga|vga_controller:vga_controller_inst
  8. Parameter Settings for User Entity Instance: PISA:pisa|vga:vga|draw_board:draw_board_inst
  9. Parameter Settings for User Entity Instance: PISA:pisa|RAM_pixels:ram_pixels|altsyncram:altsyncram_component
 10. Parameter Settings for User Entity Instance: PISA:pisa|top_keyboard:u_keyboard|pllkeyboard:PLL|pllkeyboard_0002:pllkeyboard_inst|altera_pll:altera_pll_i
 11. Parameter Settings for User Entity Instance: PISA:pisa|top_keyboard:u_keyboard|KFPS2KB:u_KFPS2KB
 12. Parameter Settings for User Entity Instance: PISA:pisa|top_keyboard:u_keyboard|KFPS2KB:u_KFPS2KB|KFPS2KB_Shift_Register:u_Shift_Register
 13. altsyncram Parameter Settings by Entity Instance
 14. Analysis & Elaboration Settings
 15. Port Connectivity Checks: "PISA:pisa|top_keyboard:u_keyboard|pllkeyboard:PLL"
 16. Port Connectivity Checks: "PISA:pisa|RAM_pixels:ram_pixels"
 17. Port Connectivity Checks: "PISA:pisa|vga:vga|draw_board:draw_board_inst"
 18. Analysis & Elaboration Messages
 19. Analysis & Elaboration Suppressed Messages



----------------
; Legal Notice ;
----------------
Copyright (C) 2018  Intel Corporation. All rights reserved.
Your use of Intel Corporation's design tools, logic functions 
and other software and tools, and its AMPP partner logic 
functions, and any output files from any of the foregoing 
(including device programming or simulation files), and any 
associated documentation or information are expressly subject 
to the terms and conditions of the Intel Program License 
Subscription Agreement, the Intel Quartus Prime License Agreement,
the Intel FPGA IP License Agreement, or other applicable license
agreement, including, without limitation, that your use is for
the sole purpose of programming logic devices manufactured by
Intel and sold by Intel or its authorized distributors.  Please
refer to the applicable agreement for further details.



+-----------------------------------------------------------------------------+
; Analysis & Elaboration Summary                                              ;
+-------------------------------+---------------------------------------------+
; Analysis & Elaboration Status ; Successful - Mon Oct 21 12:34:47 2024       ;
; Quartus Prime Version         ; 18.1.0 Build 625 09/12/2018 SJ Lite Edition ;
; Revision Name                 ; MAIN                                        ;
; Top-level Entity Name         ; MAIN                                        ;
; Family                        ; Cyclone V                                   ;
; Logic utilization (in ALMs)   ; N/A until Partition Merge                   ;
; Total registers               ; N/A until Partition Merge                   ;
; Total pins                    ; N/A until Partition Merge                   ;
; Total virtual pins            ; N/A until Partition Merge                   ;
; Total block memory bits       ; N/A until Partition Merge                   ;
; Total PLLs                    ; N/A until Partition Merge                   ;
; Total DLLs                    ; N/A until Partition Merge                   ;
+-------------------------------+---------------------------------------------+


+------------------------------------------+
; Parallel Compilation                     ;
+----------------------------+-------------+
; Processors                 ; Number      ;
+----------------------------+-------------+
; Number detected on machine ; 8           ;
; Maximum allowed            ; 4           ;
;                            ;             ;
; Average used               ; 1.00        ;
; Maximum used               ; 1           ;
;                            ;             ;
; Usage by Processor         ; % Time Used ;
;     Processor 1            ; 100.0%      ;
+----------------------------+-------------+


+-------------------------------------------------------------------------------------------------------------------------------------------+
; Analysis & Elaboration IP Cores Summary                                                                                                   ;
+--------+--------------+---------+--------------+--------------+---------------------------------------------------------+-----------------+
; Vendor ; IP Core Name ; Version ; Release Date ; License Type ; Entity Instance                                         ; IP Include File ;
+--------+--------------+---------+--------------+--------------+---------------------------------------------------------+-----------------+
; Altera ; RAM: 2-PORT  ; 22.1    ; N/A          ; N/A          ; |MAIN|PISA:pisa|RAM_pixels:ram_pixels                   ; RAM_pixels.v    ;
; Altera ; altera_pll   ; 18.1    ; N/A          ; N/A          ; |MAIN|PISA:pisa|top_keyboard:u_keyboard|pllkeyboard:PLL ; pllkeyboard.v   ;
+--------+--------------+---------+--------------+--------------+---------------------------------------------------------+-----------------+


+-----------------------------------------------------------------------------------------------------------------------+
; Source assignments for PISA:pisa|RAM_pixels:ram_pixels|altsyncram:altsyncram_component|altsyncram_m002:auto_generated ;
+---------------------------------+--------------------+------+---------------------------------------------------------+
; Assignment                      ; Value              ; From ; To                                                      ;
+---------------------------------+--------------------+------+---------------------------------------------------------+
; OPTIMIZE_POWER_DURING_SYNTHESIS ; NORMAL_COMPILATION ; -    ; -                                                       ;
+---------------------------------+--------------------+------+---------------------------------------------------------+


+----------------------------------------------------------------+
; Parameter Settings for User Entity Instance: PISA:pisa|vga:vga ;
+----------------+-------+---------------------------------------+
; Parameter Name ; Value ; Type                                  ;
+----------------+-------+---------------------------------------+
; HRES           ; 640   ; Signed Integer                        ;
; VRES           ; 480   ; Signed Integer                        ;
+----------------+-------+---------------------------------------+
Note: In order to hide this table in the UI and the text report file, please set the "Show Parameter Settings in Synthesis Report" option in "Analysis and Synthesis Settings -> More Settings" to "Off".


+---------------------------------------------------------------------------------------------------+
; Parameter Settings for User Entity Instance: PISA:pisa|vga:vga|vga_controller:vga_controller_inst ;
+----------------+----------------------------------+-----------------------------------------------+
; Parameter Name ; Value                            ; Type                                          ;
+----------------+----------------------------------+-----------------------------------------------+
; HACTIVE        ; 640                              ; Signed Integer                                ;
; HFP            ; 0000010000                       ; Unsigned Binary                               ;
; HSYN           ; 0001100000                       ; Unsigned Binary                               ;
; HBP            ; 0000110000                       ; Unsigned Binary                               ;
; HMAX           ; 00000000000000000000001100100000 ; Unsigned Binary                               ;
; VBP            ; 0000100001                       ; Unsigned Binary                               ;
; VACTIVE        ; 480                              ; Signed Integer                                ;
; VFP            ; 0000001010                       ; Unsigned Binary                               ;
; VSYN           ; 0000000010                       ; Unsigned Binary                               ;
; VMAX           ; 00000000000000000000001000001101 ; Unsigned Binary                               ;
+----------------+----------------------------------+-----------------------------------------------+
Note: In order to hide this table in the UI and the text report file, please set the "Show Parameter Settings in Synthesis Report" option in "Analysis and Synthesis Settings -> More Settings" to "Off".


+-------------------------------------------------------------------------------------------+
; Parameter Settings for User Entity Instance: PISA:pisa|vga:vga|draw_board:draw_board_inst ;
+----------------+-------+------------------------------------------------------------------+
; Parameter Name ; Value ; Type                                                             ;
+----------------+-------+------------------------------------------------------------------+
; HRES           ; 640   ; Signed Integer                                                   ;
; VRES           ; 480   ; Signed Integer                                                   ;
+----------------+-------+------------------------------------------------------------------+
Note: In order to hide this table in the UI and the text report file, please set the "Show Parameter Settings in Synthesis Report" option in "Analysis and Synthesis Settings -> More Settings" to "Off".


+--------------------------------------------------------------------------------------------------------------+
; Parameter Settings for User Entity Instance: PISA:pisa|RAM_pixels:ram_pixels|altsyncram:altsyncram_component ;
+------------------------------------+----------------------+--------------------------------------------------+
; Parameter Name                     ; Value                ; Type                                             ;
+------------------------------------+----------------------+--------------------------------------------------+
; BYTE_SIZE_BLOCK                    ; 8                    ; Untyped                                          ;
; AUTO_CARRY_CHAINS                  ; ON                   ; AUTO_CARRY                                       ;
; IGNORE_CARRY_BUFFERS               ; OFF                  ; IGNORE_CARRY                                     ;
; AUTO_CASCADE_CHAINS                ; ON                   ; AUTO_CASCADE                                     ;
; IGNORE_CASCADE_BUFFERS             ; OFF                  ; IGNORE_CASCADE                                   ;
; WIDTH_BYTEENA                      ; 1                    ; Untyped                                          ;
; OPERATION_MODE                     ; DUAL_PORT            ; Untyped                                          ;
; WIDTH_A                            ; 8                    ; Signed Integer                                   ;
; WIDTHAD_A                          ; 18                   ; Signed Integer                                   ;
; NUMWORDS_A                         ; 200000               ; Signed Integer                                   ;
; OUTDATA_REG_A                      ; UNREGISTERED         ; Untyped                                          ;
; ADDRESS_ACLR_A                     ; NONE                 ; Untyped                                          ;
; OUTDATA_ACLR_A                     ; NONE                 ; Untyped                                          ;
; WRCONTROL_ACLR_A                   ; NONE                 ; Untyped                                          ;
; INDATA_ACLR_A                      ; NONE                 ; Untyped                                          ;
; BYTEENA_ACLR_A                     ; NONE                 ; Untyped                                          ;
; WIDTH_B                            ; 8                    ; Signed Integer                                   ;
; WIDTHAD_B                          ; 18                   ; Signed Integer                                   ;
; NUMWORDS_B                         ; 200000               ; Signed Integer                                   ;
; INDATA_REG_B                       ; CLOCK1               ; Untyped                                          ;
; WRCONTROL_WRADDRESS_REG_B          ; CLOCK1               ; Untyped                                          ;
; RDCONTROL_REG_B                    ; CLOCK1               ; Untyped                                          ;
; ADDRESS_REG_B                      ; CLOCK0               ; Untyped                                          ;
; OUTDATA_REG_B                      ; CLOCK0               ; Untyped                                          ;
; BYTEENA_REG_B                      ; CLOCK1               ; Untyped                                          ;
; INDATA_ACLR_B                      ; NONE                 ; Untyped                                          ;
; WRCONTROL_ACLR_B                   ; NONE                 ; Untyped                                          ;
; ADDRESS_ACLR_B                     ; NONE                 ; Untyped                                          ;
; OUTDATA_ACLR_B                     ; NONE                 ; Untyped                                          ;
; RDCONTROL_ACLR_B                   ; NONE                 ; Untyped                                          ;
; BYTEENA_ACLR_B                     ; NONE                 ; Untyped                                          ;
; WIDTH_BYTEENA_A                    ; 1                    ; Signed Integer                                   ;
; WIDTH_BYTEENA_B                    ; 1                    ; Untyped                                          ;
; RAM_BLOCK_TYPE                     ; AUTO                 ; Untyped                                          ;
; BYTE_SIZE                          ; 8                    ; Untyped                                          ;
; READ_DURING_WRITE_MODE_MIXED_PORTS ; OLD_DATA             ; Untyped                                          ;
; READ_DURING_WRITE_MODE_PORT_A      ; NEW_DATA_NO_NBE_READ ; Untyped                                          ;
; READ_DURING_WRITE_MODE_PORT_B      ; NEW_DATA_NO_NBE_READ ; Untyped                                          ;
; INIT_FILE                          ; pixels.mif           ; Untyped                                          ;
; INIT_FILE_LAYOUT                   ; PORT_A               ; Untyped                                          ;
; MAXIMUM_DEPTH                      ; 0                    ; Untyped                                          ;
; CLOCK_ENABLE_INPUT_A               ; BYPASS               ; Untyped                                          ;
; CLOCK_ENABLE_INPUT_B               ; BYPASS               ; Untyped                                          ;
; CLOCK_ENABLE_OUTPUT_A              ; NORMAL               ; Untyped                                          ;
; CLOCK_ENABLE_OUTPUT_B              ; BYPASS               ; Untyped                                          ;
; CLOCK_ENABLE_CORE_A                ; USE_INPUT_CLKEN      ; Untyped                                          ;
; CLOCK_ENABLE_CORE_B                ; USE_INPUT_CLKEN      ; Untyped                                          ;
; ENABLE_ECC                         ; FALSE                ; Untyped                                          ;
; ECC_PIPELINE_STAGE_ENABLED         ; FALSE                ; Untyped                                          ;
; WIDTH_ECCSTATUS                    ; 3                    ; Untyped                                          ;
; DEVICE_FAMILY                      ; Cyclone V            ; Untyped                                          ;
; CBXI_PARAMETER                     ; altsyncram_m002      ; Untyped                                          ;
+------------------------------------+----------------------+--------------------------------------------------+
Note: In order to hide this table in the UI and the text report file, please set the "Show Parameter Settings in Synthesis Report" option in "Analysis and Synthesis Settings -> More Settings" to "Off".


+----------------------------------------------------------------------------------------------------------------------------------------------------------+
; Parameter Settings for User Entity Instance: PISA:pisa|top_keyboard:u_keyboard|pllkeyboard:PLL|pllkeyboard_0002:pllkeyboard_inst|altera_pll:altera_pll_i ;
+--------------------------------------+------------------------+------------------------------------------------------------------------------------------+
; Parameter Name                       ; Value                  ; Type                                                                                     ;
+--------------------------------------+------------------------+------------------------------------------------------------------------------------------+
; reference_clock_frequency            ; 50.0 MHz               ; String                                                                                   ;
; fractional_vco_multiplier            ; false                  ; String                                                                                   ;
; pll_type                             ; General                ; String                                                                                   ;
; pll_subtype                          ; General                ; String                                                                                   ;
; number_of_clocks                     ; 1                      ; Signed Integer                                                                           ;
; operation_mode                       ; direct                 ; String                                                                                   ;
; deserialization_factor               ; 4                      ; Signed Integer                                                                           ;
; data_rate                            ; 0                      ; Signed Integer                                                                           ;
; sim_additional_refclk_cycles_to_lock ; 0                      ; Signed Integer                                                                           ;
; output_clock_frequency0              ; 50.000000 MHz          ; String                                                                                   ;
; phase_shift0                         ; 0 ps                   ; String                                                                                   ;
; duty_cycle0                          ; 50                     ; Signed Integer                                                                           ;
; output_clock_frequency1              ; 0 MHz                  ; String                                                                                   ;
; phase_shift1                         ; 0 ps                   ; String                                                                                   ;
; duty_cycle1                          ; 50                     ; Signed Integer                                                                           ;
; output_clock_frequency2              ; 0 MHz                  ; String                                                                                   ;
; phase_shift2                         ; 0 ps                   ; String                                                                                   ;
; duty_cycle2                          ; 50                     ; Signed Integer                                                                           ;
; output_clock_frequency3              ; 0 MHz                  ; String                                                                                   ;
; phase_shift3                         ; 0 ps                   ; String                                                                                   ;
; duty_cycle3                          ; 50                     ; Signed Integer                                                                           ;
; output_clock_frequency4              ; 0 MHz                  ; String                                                                                   ;
; phase_shift4                         ; 0 ps                   ; String                                                                                   ;
; duty_cycle4                          ; 50                     ; Signed Integer                                                                           ;
; output_clock_frequency5              ; 0 MHz                  ; String                                                                                   ;
; phase_shift5                         ; 0 ps                   ; String                                                                                   ;
; duty_cycle5                          ; 50                     ; Signed Integer                                                                           ;
; output_clock_frequency6              ; 0 MHz                  ; String                                                                                   ;
; phase_shift6                         ; 0 ps                   ; String                                                                                   ;
; duty_cycle6                          ; 50                     ; Signed Integer                                                                           ;
; output_clock_frequency7              ; 0 MHz                  ; String                                                                                   ;
; phase_shift7                         ; 0 ps                   ; String                                                                                   ;
; duty_cycle7                          ; 50                     ; Signed Integer                                                                           ;
; output_clock_frequency8              ; 0 MHz                  ; String                                                                                   ;
; phase_shift8                         ; 0 ps                   ; String                                                                                   ;
; duty_cycle8                          ; 50                     ; Signed Integer                                                                           ;
; output_clock_frequency9              ; 0 MHz                  ; String                                                                                   ;
; phase_shift9                         ; 0 ps                   ; String                                                                                   ;
; duty_cycle9                          ; 50                     ; Signed Integer                                                                           ;
; output_clock_frequency10             ; 0 MHz                  ; String                                                                                   ;
; phase_shift10                        ; 0 ps                   ; String                                                                                   ;
; duty_cycle10                         ; 50                     ; Signed Integer                                                                           ;
; output_clock_frequency11             ; 0 MHz                  ; String                                                                                   ;
; phase_shift11                        ; 0 ps                   ; String                                                                                   ;
; duty_cycle11                         ; 50                     ; Signed Integer                                                                           ;
; output_clock_frequency12             ; 0 MHz                  ; String                                                                                   ;
; phase_shift12                        ; 0 ps                   ; String                                                                                   ;
; duty_cycle12                         ; 50                     ; Signed Integer                                                                           ;
; output_clock_frequency13             ; 0 MHz                  ; String                                                                                   ;
; phase_shift13                        ; 0 ps                   ; String                                                                                   ;
; duty_cycle13                         ; 50                     ; Signed Integer                                                                           ;
; output_clock_frequency14             ; 0 MHz                  ; String                                                                                   ;
; phase_shift14                        ; 0 ps                   ; String                                                                                   ;
; duty_cycle14                         ; 50                     ; Signed Integer                                                                           ;
; output_clock_frequency15             ; 0 MHz                  ; String                                                                                   ;
; phase_shift15                        ; 0 ps                   ; String                                                                                   ;
; duty_cycle15                         ; 50                     ; Signed Integer                                                                           ;
; output_clock_frequency16             ; 0 MHz                  ; String                                                                                   ;
; phase_shift16                        ; 0 ps                   ; String                                                                                   ;
; duty_cycle16                         ; 50                     ; Signed Integer                                                                           ;
; output_clock_frequency17             ; 0 MHz                  ; String                                                                                   ;
; phase_shift17                        ; 0 ps                   ; String                                                                                   ;
; duty_cycle17                         ; 50                     ; Signed Integer                                                                           ;
; clock_name_0                         ;                        ; String                                                                                   ;
; clock_name_1                         ;                        ; String                                                                                   ;
; clock_name_2                         ;                        ; String                                                                                   ;
; clock_name_3                         ;                        ; String                                                                                   ;
; clock_name_4                         ;                        ; String                                                                                   ;
; clock_name_5                         ;                        ; String                                                                                   ;
; clock_name_6                         ;                        ; String                                                                                   ;
; clock_name_7                         ;                        ; String                                                                                   ;
; clock_name_8                         ;                        ; String                                                                                   ;
; clock_name_global_0                  ; false                  ; String                                                                                   ;
; clock_name_global_1                  ; false                  ; String                                                                                   ;
; clock_name_global_2                  ; false                  ; String                                                                                   ;
; clock_name_global_3                  ; false                  ; String                                                                                   ;
; clock_name_global_4                  ; false                  ; String                                                                                   ;
; clock_name_global_5                  ; false                  ; String                                                                                   ;
; clock_name_global_6                  ; false                  ; String                                                                                   ;
; clock_name_global_7                  ; false                  ; String                                                                                   ;
; clock_name_global_8                  ; false                  ; String                                                                                   ;
; m_cnt_hi_div                         ; 1                      ; Signed Integer                                                                           ;
; m_cnt_lo_div                         ; 1                      ; Signed Integer                                                                           ;
; m_cnt_bypass_en                      ; false                  ; String                                                                                   ;
; m_cnt_odd_div_duty_en                ; false                  ; String                                                                                   ;
; n_cnt_hi_div                         ; 1                      ; Signed Integer                                                                           ;
; n_cnt_lo_div                         ; 1                      ; Signed Integer                                                                           ;
; n_cnt_bypass_en                      ; false                  ; String                                                                                   ;
; n_cnt_odd_div_duty_en                ; false                  ; String                                                                                   ;
; c_cnt_hi_div0                        ; 1                      ; Signed Integer                                                                           ;
; c_cnt_lo_div0                        ; 1                      ; Signed Integer                                                                           ;
; c_cnt_bypass_en0                     ; false                  ; String                                                                                   ;
; c_cnt_in_src0                        ; ph_mux_clk             ; String                                                                                   ;
; c_cnt_odd_div_duty_en0               ; false                  ; String                                                                                   ;
; c_cnt_prst0                          ; 1                      ; Signed Integer                                                                           ;
; c_cnt_ph_mux_prst0                   ; 0                      ; Signed Integer                                                                           ;
; c_cnt_hi_div1                        ; 1                      ; Signed Integer                                                                           ;
; c_cnt_lo_div1                        ; 1                      ; Signed Integer                                                                           ;
; c_cnt_bypass_en1                     ; false                  ; String                                                                                   ;
; c_cnt_in_src1                        ; ph_mux_clk             ; String                                                                                   ;
; c_cnt_odd_div_duty_en1               ; false                  ; String                                                                                   ;
; c_cnt_prst1                          ; 1                      ; Signed Integer                                                                           ;
; c_cnt_ph_mux_prst1                   ; 0                      ; Signed Integer                                                                           ;
; c_cnt_hi_div2                        ; 1                      ; Signed Integer                                                                           ;
; c_cnt_lo_div2                        ; 1                      ; Signed Integer                                                                           ;
; c_cnt_bypass_en2                     ; false                  ; String                                                                                   ;
; c_cnt_in_src2                        ; ph_mux_clk             ; String                                                                                   ;
; c_cnt_odd_div_duty_en2               ; false                  ; String                                                                                   ;
; c_cnt_prst2                          ; 1                      ; Signed Integer                                                                           ;
; c_cnt_ph_mux_prst2                   ; 0                      ; Signed Integer                                                                           ;
; c_cnt_hi_div3                        ; 1                      ; Signed Integer                                                                           ;
; c_cnt_lo_div3                        ; 1                      ; Signed Integer                                                                           ;
; c_cnt_bypass_en3                     ; false                  ; String                                                                                   ;
; c_cnt_in_src3                        ; ph_mux_clk             ; String                                                                                   ;
; c_cnt_odd_div_duty_en3               ; false                  ; String                                                                                   ;
; c_cnt_prst3                          ; 1                      ; Signed Integer                                                                           ;
; c_cnt_ph_mux_prst3                   ; 0                      ; Signed Integer                                                                           ;
; c_cnt_hi_div4                        ; 1                      ; Signed Integer                                                                           ;
; c_cnt_lo_div4                        ; 1                      ; Signed Integer                                                                           ;
; c_cnt_bypass_en4                     ; false                  ; String                                                                                   ;
; c_cnt_in_src4                        ; ph_mux_clk             ; String                                                                                   ;
; c_cnt_odd_div_duty_en4               ; false                  ; String                                                                                   ;
; c_cnt_prst4                          ; 1                      ; Signed Integer                                                                           ;
; c_cnt_ph_mux_prst4                   ; 0                      ; Signed Integer                                                                           ;
; c_cnt_hi_div5                        ; 1                      ; Signed Integer                                                                           ;
; c_cnt_lo_div5                        ; 1                      ; Signed Integer                                                                           ;
; c_cnt_bypass_en5                     ; false                  ; String                                                                                   ;
; c_cnt_in_src5                        ; ph_mux_clk             ; String                                                                                   ;
; c_cnt_odd_div_duty_en5               ; false                  ; String                                                                                   ;
; c_cnt_prst5                          ; 1                      ; Signed Integer                                                                           ;
; c_cnt_ph_mux_prst5                   ; 0                      ; Signed Integer                                                                           ;
; c_cnt_hi_div6                        ; 1                      ; Signed Integer                                                                           ;
; c_cnt_lo_div6                        ; 1                      ; Signed Integer                                                                           ;
; c_cnt_bypass_en6                     ; false                  ; String                                                                                   ;
; c_cnt_in_src6                        ; ph_mux_clk             ; String                                                                                   ;
; c_cnt_odd_div_duty_en6               ; false                  ; String                                                                                   ;
; c_cnt_prst6                          ; 1                      ; Signed Integer                                                                           ;
; c_cnt_ph_mux_prst6                   ; 0                      ; Signed Integer                                                                           ;
; c_cnt_hi_div7                        ; 1                      ; Signed Integer                                                                           ;
; c_cnt_lo_div7                        ; 1                      ; Signed Integer                                                                           ;
; c_cnt_bypass_en7                     ; false                  ; String                                                                                   ;
; c_cnt_in_src7                        ; ph_mux_clk             ; String                                                                                   ;
; c_cnt_odd_div_duty_en7               ; false                  ; String                                                                                   ;
; c_cnt_prst7                          ; 1                      ; Signed Integer                                                                           ;
; c_cnt_ph_mux_prst7                   ; 0                      ; Signed Integer                                                                           ;
; c_cnt_hi_div8                        ; 1                      ; Signed Integer                                                                           ;
; c_cnt_lo_div8                        ; 1                      ; Signed Integer                                                                           ;
; c_cnt_bypass_en8                     ; false                  ; String                                                                                   ;
; c_cnt_in_src8                        ; ph_mux_clk             ; String                                                                                   ;
; c_cnt_odd_div_duty_en8               ; false                  ; String                                                                                   ;
; c_cnt_prst8                          ; 1                      ; Signed Integer                                                                           ;
; c_cnt_ph_mux_prst8                   ; 0                      ; Signed Integer                                                                           ;
; c_cnt_hi_div9                        ; 1                      ; Signed Integer                                                                           ;
; c_cnt_lo_div9                        ; 1                      ; Signed Integer                                                                           ;
; c_cnt_bypass_en9                     ; false                  ; String                                                                                   ;
; c_cnt_in_src9                        ; ph_mux_clk             ; String                                                                                   ;
; c_cnt_odd_div_duty_en9               ; false                  ; String                                                                                   ;
; c_cnt_prst9                          ; 1                      ; Signed Integer                                                                           ;
; c_cnt_ph_mux_prst9                   ; 0                      ; Signed Integer                                                                           ;
; c_cnt_hi_div10                       ; 1                      ; Signed Integer                                                                           ;
; c_cnt_lo_div10                       ; 1                      ; Signed Integer                                                                           ;
; c_cnt_bypass_en10                    ; false                  ; String                                                                                   ;
; c_cnt_in_src10                       ; ph_mux_clk             ; String                                                                                   ;
; c_cnt_odd_div_duty_en10              ; false                  ; String                                                                                   ;
; c_cnt_prst10                         ; 1                      ; Signed Integer                                                                           ;
; c_cnt_ph_mux_prst10                  ; 0                      ; Signed Integer                                                                           ;
; c_cnt_hi_div11                       ; 1                      ; Signed Integer                                                                           ;
; c_cnt_lo_div11                       ; 1                      ; Signed Integer                                                                           ;
; c_cnt_bypass_en11                    ; false                  ; String                                                                                   ;
; c_cnt_in_src11                       ; ph_mux_clk             ; String                                                                                   ;
; c_cnt_odd_div_duty_en11              ; false                  ; String                                                                                   ;
; c_cnt_prst11                         ; 1                      ; Signed Integer                                                                           ;
; c_cnt_ph_mux_prst11                  ; 0                      ; Signed Integer                                                                           ;
; c_cnt_hi_div12                       ; 1                      ; Signed Integer                                                                           ;
; c_cnt_lo_div12                       ; 1                      ; Signed Integer                                                                           ;
; c_cnt_bypass_en12                    ; false                  ; String                                                                                   ;
; c_cnt_in_src12                       ; ph_mux_clk             ; String                                                                                   ;
; c_cnt_odd_div_duty_en12              ; false                  ; String                                                                                   ;
; c_cnt_prst12                         ; 1                      ; Signed Integer                                                                           ;
; c_cnt_ph_mux_prst12                  ; 0                      ; Signed Integer                                                                           ;
; c_cnt_hi_div13                       ; 1                      ; Signed Integer                                                                           ;
; c_cnt_lo_div13                       ; 1                      ; Signed Integer                                                                           ;
; c_cnt_bypass_en13                    ; false                  ; String                                                                                   ;
; c_cnt_in_src13                       ; ph_mux_clk             ; String                                                                                   ;
; c_cnt_odd_div_duty_en13              ; false                  ; String                                                                                   ;
; c_cnt_prst13                         ; 1                      ; Signed Integer                                                                           ;
; c_cnt_ph_mux_prst13                  ; 0                      ; Signed Integer                                                                           ;
; c_cnt_hi_div14                       ; 1                      ; Signed Integer                                                                           ;
; c_cnt_lo_div14                       ; 1                      ; Signed Integer                                                                           ;
; c_cnt_bypass_en14                    ; false                  ; String                                                                                   ;
; c_cnt_in_src14                       ; ph_mux_clk             ; String                                                                                   ;
; c_cnt_odd_div_duty_en14              ; false                  ; String                                                                                   ;
; c_cnt_prst14                         ; 1                      ; Signed Integer                                                                           ;
; c_cnt_ph_mux_prst14                  ; 0                      ; Signed Integer                                                                           ;
; c_cnt_hi_div15                       ; 1                      ; Signed Integer                                                                           ;
; c_cnt_lo_div15                       ; 1                      ; Signed Integer                                                                           ;
; c_cnt_bypass_en15                    ; false                  ; String                                                                                   ;
; c_cnt_in_src15                       ; ph_mux_clk             ; String                                                                                   ;
; c_cnt_odd_div_duty_en15              ; false                  ; String                                                                                   ;
; c_cnt_prst15                         ; 1                      ; Signed Integer                                                                           ;
; c_cnt_ph_mux_prst15                  ; 0                      ; Signed Integer                                                                           ;
; c_cnt_hi_div16                       ; 1                      ; Signed Integer                                                                           ;
; c_cnt_lo_div16                       ; 1                      ; Signed Integer                                                                           ;
; c_cnt_bypass_en16                    ; false                  ; String                                                                                   ;
; c_cnt_in_src16                       ; ph_mux_clk             ; String                                                                                   ;
; c_cnt_odd_div_duty_en16              ; false                  ; String                                                                                   ;
; c_cnt_prst16                         ; 1                      ; Signed Integer                                                                           ;
; c_cnt_ph_mux_prst16                  ; 0                      ; Signed Integer                                                                           ;
; c_cnt_hi_div17                       ; 1                      ; Signed Integer                                                                           ;
; c_cnt_lo_div17                       ; 1                      ; Signed Integer                                                                           ;
; c_cnt_bypass_en17                    ; false                  ; String                                                                                   ;
; c_cnt_in_src17                       ; ph_mux_clk             ; String                                                                                   ;
; c_cnt_odd_div_duty_en17              ; false                  ; String                                                                                   ;
; c_cnt_prst17                         ; 1                      ; Signed Integer                                                                           ;
; c_cnt_ph_mux_prst17                  ; 0                      ; Signed Integer                                                                           ;
; pll_vco_div                          ; 1                      ; Signed Integer                                                                           ;
; pll_slf_rst                          ; false                  ; String                                                                                   ;
; pll_bw_sel                           ; low                    ; String                                                                                   ;
; pll_output_clk_frequency             ; 0 MHz                  ; String                                                                                   ;
; pll_cp_current                       ; 0                      ; Signed Integer                                                                           ;
; pll_bwctrl                           ; 0                      ; Signed Integer                                                                           ;
; pll_fractional_division              ; 1                      ; Signed Integer                                                                           ;
; pll_fractional_cout                  ; 24                     ; Signed Integer                                                                           ;
; pll_dsm_out_sel                      ; 1st_order              ; String                                                                                   ;
; mimic_fbclk_type                     ; gclk                   ; String                                                                                   ;
; pll_fbclk_mux_1                      ; glb                    ; String                                                                                   ;
; pll_fbclk_mux_2                      ; fb_1                   ; String                                                                                   ;
; pll_m_cnt_in_src                     ; ph_mux_clk             ; String                                                                                   ;
; pll_vcoph_div                        ; 1                      ; Signed Integer                                                                           ;
; refclk1_frequency                    ; 0 MHz                  ; String                                                                                   ;
; pll_clkin_0_src                      ; clk_0                  ; String                                                                                   ;
; pll_clkin_1_src                      ; clk_0                  ; String                                                                                   ;
; pll_clk_loss_sw_en                   ; false                  ; String                                                                                   ;
; pll_auto_clk_sw_en                   ; false                  ; String                                                                                   ;
; pll_manu_clk_sw_en                   ; false                  ; String                                                                                   ;
; pll_clk_sw_dly                       ; 0                      ; Signed Integer                                                                           ;
; pll_extclk_0_cnt_src                 ; pll_extclk_cnt_src_vss ; String                                                                                   ;
; pll_extclk_1_cnt_src                 ; pll_extclk_cnt_src_vss ; String                                                                                   ;
+--------------------------------------+------------------------+------------------------------------------------------------------------------------------+
Note: In order to hide this table in the UI and the text report file, please set the "Show Parameter Settings in Synthesis Report" option in "Analysis and Synthesis Settings -> More Settings" to "Off".


+--------------------------------------------------------------------------------------------------+
; Parameter Settings for User Entity Instance: PISA:pisa|top_keyboard:u_keyboard|KFPS2KB:u_KFPS2KB ;
+----------------+------------------+--------------------------------------------------------------+
; Parameter Name ; Value            ; Type                                                         ;
+----------------+------------------+--------------------------------------------------------------+
; over_time      ; 0000001111101000 ; Unsigned Binary                                              ;
+----------------+------------------+--------------------------------------------------------------+
Note: In order to hide this table in the UI and the text report file, please set the "Show Parameter Settings in Synthesis Report" option in "Analysis and Synthesis Settings -> More Settings" to "Off".


+------------------------------------------------------------------------------------------------------------------------------------------+
; Parameter Settings for User Entity Instance: PISA:pisa|top_keyboard:u_keyboard|KFPS2KB:u_KFPS2KB|KFPS2KB_Shift_Register:u_Shift_Register ;
+----------------+------------------+------------------------------------------------------------------------------------------------------+
; Parameter Name ; Value            ; Type                                                                                                 ;
+----------------+------------------+------------------------------------------------------------------------------------------------------+
; over_time      ; 0000001111101000 ; Unsigned Binary                                                                                      ;
+----------------+------------------+------------------------------------------------------------------------------------------------------+
Note: In order to hide this table in the UI and the text report file, please set the "Show Parameter Settings in Synthesis Report" option in "Analysis and Synthesis Settings -> More Settings" to "Off".


+-------------------------------------------------------------------------------------------------------------+
; altsyncram Parameter Settings by Entity Instance                                                            ;
+-------------------------------------------+-----------------------------------------------------------------+
; Name                                      ; Value                                                           ;
+-------------------------------------------+-----------------------------------------------------------------+
; Number of entity instances                ; 1                                                               ;
; Entity Instance                           ; PISA:pisa|RAM_pixels:ram_pixels|altsyncram:altsyncram_component ;
;     -- OPERATION_MODE                     ; DUAL_PORT                                                       ;
;     -- WIDTH_A                            ; 8                                                               ;
;     -- NUMWORDS_A                         ; 200000                                                          ;
;     -- OUTDATA_REG_A                      ; UNREGISTERED                                                    ;
;     -- WIDTH_B                            ; 8                                                               ;
;     -- NUMWORDS_B                         ; 200000                                                          ;
;     -- ADDRESS_REG_B                      ; CLOCK0                                                          ;
;     -- OUTDATA_REG_B                      ; CLOCK0                                                          ;
;     -- RAM_BLOCK_TYPE                     ; AUTO                                                            ;
;     -- READ_DURING_WRITE_MODE_MIXED_PORTS ; OLD_DATA                                                        ;
+-------------------------------------------+-----------------------------------------------------------------+


+---------------------------------------------------------------------------------------------------------------------------+
; Analysis & Elaboration Settings                                                                                           ;
+---------------------------------------------------------------------------------+--------------------+--------------------+
; Option                                                                          ; Setting            ; Default Value      ;
+---------------------------------------------------------------------------------+--------------------+--------------------+
; Device                                                                          ; 5CSXFC6D6F31C6     ;                    ;
; Top-level entity name                                                           ; MAIN               ; MAIN               ;
; Family name                                                                     ; Cyclone V          ; Cyclone V          ;
; Use smart compilation                                                           ; Off                ; Off                ;
; Enable parallel Assembler and Timing Analyzer during compilation                ; On                 ; On                 ;
; Enable compact report table                                                     ; Off                ; Off                ;
; Restructure Multiplexers                                                        ; Auto               ; Auto               ;
; MLAB Add Timing Constraints For Mixed-Port Feed-Through Mode Setting Don't Care ; Off                ; Off                ;
; Create Debugging Nodes for IP Cores                                             ; Off                ; Off                ;
; Preserve fewer node names                                                       ; On                 ; On                 ;
; Intel FPGA IP Evaluation Mode                                                   ; Enable             ; Enable             ;
; Verilog Version                                                                 ; Verilog_2001       ; Verilog_2001       ;
; VHDL Version                                                                    ; VHDL_1993          ; VHDL_1993          ;
; State Machine Processing                                                        ; Auto               ; Auto               ;
; Safe State Machine                                                              ; Off                ; Off                ;
; Extract Verilog State Machines                                                  ; On                 ; On                 ;
; Extract VHDL State Machines                                                     ; On                 ; On                 ;
; Ignore Verilog initial constructs                                               ; Off                ; Off                ;
; Iteration limit for constant Verilog loops                                      ; 5000               ; 5000               ;
; Iteration limit for non-constant Verilog loops                                  ; 250                ; 250                ;
; Add Pass-Through Logic to Inferred RAMs                                         ; On                 ; On                 ;
; Infer RAMs from Raw Logic                                                       ; On                 ; On                 ;
; Parallel Synthesis                                                              ; On                 ; On                 ;
; DSP Block Balancing                                                             ; Auto               ; Auto               ;
; NOT Gate Push-Back                                                              ; On                 ; On                 ;
; Power-Up Don't Care                                                             ; On                 ; On                 ;
; Remove Redundant Logic Cells                                                    ; Off                ; Off                ;
; Remove Duplicate Registers                                                      ; On                 ; On                 ;
; Ignore CARRY Buffers                                                            ; Off                ; Off                ;
; Ignore CASCADE Buffers                                                          ; Off                ; Off                ;
; Ignore GLOBAL Buffers                                                           ; Off                ; Off                ;
; Ignore ROW GLOBAL Buffers                                                       ; Off                ; Off                ;
; Ignore LCELL Buffers                                                            ; Off                ; Off                ;
; Ignore SOFT Buffers                                                             ; On                 ; On                 ;
; Limit AHDL Integers to 32 Bits                                                  ; Off                ; Off                ;
; Optimization Technique                                                          ; Balanced           ; Balanced           ;
; Carry Chain Length                                                              ; 70                 ; 70                 ;
; Auto Carry Chains                                                               ; On                 ; On                 ;
; Auto Open-Drain Pins                                                            ; On                 ; On                 ;
; Perform WYSIWYG Primitive Resynthesis                                           ; Off                ; Off                ;
; Auto ROM Replacement                                                            ; On                 ; On                 ;
; Auto RAM Replacement                                                            ; On                 ; On                 ;
; Auto DSP Block Replacement                                                      ; On                 ; On                 ;
; Auto Shift Register Replacement                                                 ; Auto               ; Auto               ;
; Allow Shift Register Merging across Hierarchies                                 ; Auto               ; Auto               ;
; Auto Clock Enable Replacement                                                   ; On                 ; On                 ;
; Strict RAM Replacement                                                          ; Off                ; Off                ;
; Allow Synchronous Control Signals                                               ; On                 ; On                 ;
; Force Use of Synchronous Clear Signals                                          ; Off                ; Off                ;
; Auto Resource Sharing                                                           ; Off                ; Off                ;
; Allow Any RAM Size For Recognition                                              ; Off                ; Off                ;
; Allow Any ROM Size For Recognition                                              ; Off                ; Off                ;
; Allow Any Shift Register Size For Recognition                                   ; Off                ; Off                ;
; Use LogicLock Constraints during Resource Balancing                             ; On                 ; On                 ;
; Ignore translate_off and synthesis_off directives                               ; Off                ; Off                ;
; Timing-Driven Synthesis                                                         ; On                 ; On                 ;
; Report Parameter Settings                                                       ; On                 ; On                 ;
; Report Source Assignments                                                       ; On                 ; On                 ;
; Report Connectivity Checks                                                      ; On                 ; On                 ;
; Ignore Maximum Fan-Out Assignments                                              ; Off                ; Off                ;
; Synchronization Register Chain Length                                           ; 3                  ; 3                  ;
; Power Optimization During Synthesis                                             ; Normal compilation ; Normal compilation ;
; HDL message level                                                               ; Level2             ; Level2             ;
; Suppress Register Optimization Related Messages                                 ; Off                ; Off                ;
; Number of Removed Registers Reported in Synthesis Report                        ; 5000               ; 5000               ;
; Number of Swept Nodes Reported in Synthesis Report                              ; 5000               ; 5000               ;
; Number of Inverted Registers Reported in Synthesis Report                       ; 100                ; 100                ;
; Clock MUX Protection                                                            ; On                 ; On                 ;
; Auto Gated Clock Conversion                                                     ; Off                ; Off                ;
; Block Design Naming                                                             ; Auto               ; Auto               ;
; SDC constraint protection                                                       ; Off                ; Off                ;
; Synthesis Effort                                                                ; Auto               ; Auto               ;
; Shift Register Replacement - Allow Asynchronous Clear Signal                    ; On                 ; On                 ;
; Pre-Mapping Resynthesis Optimization                                            ; Off                ; Off                ;
; Analysis & Synthesis Message Level                                              ; Medium             ; Medium             ;
; Disable Register Merging Across Hierarchies                                     ; Auto               ; Auto               ;
; Resource Aware Inference For Block RAM                                          ; On                 ; On                 ;
; Automatic Parallel Synthesis                                                    ; On                 ; On                 ;
; Partial Reconfiguration Bitstream ID                                            ; Off                ; Off                ;
+---------------------------------------------------------------------------------+--------------------+--------------------+


+-------------------------------------------------------------------------------+
; Port Connectivity Checks: "PISA:pisa|top_keyboard:u_keyboard|pllkeyboard:PLL" ;
+------+-------+----------+-----------------------------------------------------+
; Port ; Type  ; Severity ; Details                                             ;
+------+-------+----------+-----------------------------------------------------+
; rst  ; Input ; Info     ; Stuck at GND                                        ;
+------+-------+----------+-----------------------------------------------------+


+--------------------------------------------------------------------------------------------------------------------------------------------------------------------------------------------------------------+
; Port Connectivity Checks: "PISA:pisa|RAM_pixels:ram_pixels"                                                                                                                                                  ;
+------+-------+----------+------------------------------------------------------------------------------------------------------------------------------------------------------------------------------------+
; Port ; Type  ; Severity ; Details                                                                                                                                                                            ;
+------+-------+----------+------------------------------------------------------------------------------------------------------------------------------------------------------------------------------------+
; data ; Input ; Warning  ; Input port expression (32 bits) is wider than the input port (8 bits) it drives.  The 24 most-significant bit(s) in the expression will be dangling if they have no other fanouts. ;
+------+-------+----------+------------------------------------------------------------------------------------------------------------------------------------------------------------------------------------+


+------------------------------------------------------------------------------------------------------------------------------------------------------------------------+
; Port Connectivity Checks: "PISA:pisa|vga:vga|draw_board:draw_board_inst"                                                                                               ;
+------+-------+----------+----------------------------------------------------------------------------------------------------------------------------------------------+
; Port ; Type  ; Severity ; Details                                                                                                                                      ;
+------+-------+----------+----------------------------------------------------------------------------------------------------------------------------------------------+
; rst  ; Input ; Warning  ; Declared by entity but not connected by instance. If a default value exists, it will be used.  Otherwise, the port will be connected to GND. ;
+------+-------+----------+----------------------------------------------------------------------------------------------------------------------------------------------+


+---------------------------------+
; Analysis & Elaboration Messages ;
+---------------------------------+
Info: *******************************************************************
Info: Running Quartus Prime Analysis & Elaboration
    Info: Version 18.1.0 Build 625 09/12/2018 SJ Lite Edition
    Info: Processing started: Mon Oct 21 12:34:30 2024
Info: Command: quartus_map --read_settings_files=on --write_settings_files=off PISA -c MAIN --analysis_and_elaboration
Warning (18236): Number of processors has not been specified which may cause overloading on shared machines.  Set the global assignment NUM_PARALLEL_PROCESSORS in your QSF to an appropriate value for best performance.
Info (20030): Parallel compilation is enabled and will use 4 of the 4 processors detected
Info (12021): Found 1 design units, including 1 entities, in source file main.sv
    Info (12023): Found entity 1: MAIN File: C:/Users/Usuario/Documents/ArquidecomputadoresI/Proyecto-Grupal-1---Arqui-I/PISA/MAIN.sv Line: 1
Info (12021): Found 1 design units, including 1 entities, in source file pisa.sv
    Info (12023): Found entity 1: PISA File: C:/Users/Usuario/Documents/ArquidecomputadoresI/Proyecto-Grupal-1---Arqui-I/PISA/PISA.sv Line: 1
Info (12021): Found 1 design units, including 1 entities, in source file vga/pll.sv
    Info (12023): Found entity 1: pll File: C:/Users/Usuario/Documents/ArquidecomputadoresI/Proyecto-Grupal-1---Arqui-I/PISA/VGA/pll.sv Line: 1
Info (12021): Found 1 design units, including 1 entities, in source file vga/vga_controller.sv
    Info (12023): Found entity 1: vga_controller File: C:/Users/Usuario/Documents/ArquidecomputadoresI/Proyecto-Grupal-1---Arqui-I/PISA/VGA/vga_controller.sv Line: 1
Info (12021): Found 1 design units, including 1 entities, in source file vga/draw_board.sv
    Info (12023): Found entity 1: draw_board File: C:/Users/Usuario/Documents/ArquidecomputadoresI/Proyecto-Grupal-1---Arqui-I/PISA/VGA/draw_board.sv Line: 1
Info (12021): Found 1 design units, including 1 entities, in source file vga/vga.sv
    Info (12023): Found entity 1: vga File: C:/Users/Usuario/Documents/ArquidecomputadoresI/Proyecto-Grupal-1---Arqui-I/PISA/VGA/vga.sv Line: 1
Info (12021): Found 1 design units, including 1 entities, in source file ram_data.v
    Info (12023): Found entity 1: RAM_data File: C:/Users/Usuario/Documents/ArquidecomputadoresI/Proyecto-Grupal-1---Arqui-I/PISA/RAM_data.v Line: 40
Info (12021): Found 1 design units, including 1 entities, in source file ram/ram_test.sv
    Info (12023): Found entity 1: ram_test File: C:/Users/Usuario/Documents/ArquidecomputadoresI/Proyecto-Grupal-1---Arqui-I/PISA/RAM/ram_test.sv Line: 1
Info (12021): Found 1 design units, including 1 entities, in source file ram/counter.sv
    Info (12023): Found entity 1: counter File: C:/Users/Usuario/Documents/ArquidecomputadoresI/Proyecto-Grupal-1---Arqui-I/PISA/RAM/counter.sv Line: 1
Info (12021): Found 1 design units, including 1 entities, in source file testbench/ram_data_tb.sv
    Info (12023): Found entity 1: RAM_data_tb File: C:/Users/Usuario/Documents/ArquidecomputadoresI/Proyecto-Grupal-1---Arqui-I/PISA/TestBench/RAM_data_tb.sv Line: 3
Info (12021): Found 1 design units, including 1 entities, in source file ram_pixels.v
    Info (12023): Found entity 1: RAM_pixels File: C:/Users/Usuario/Documents/ArquidecomputadoresI/Proyecto-Grupal-1---Arqui-I/PISA/RAM_pixels.v Line: 40
Info (12021): Found 1 design units, including 1 entities, in source file testbench/ram_pixels_tb.sv
    Info (12023): Found entity 1: RAM_pixels_tb File: C:/Users/Usuario/Documents/ArquidecomputadoresI/Proyecto-Grupal-1---Arqui-I/PISA/TestBench/RAM_pixels_tb.sv Line: 3
Info (12021): Found 1 design units, including 1 entities, in source file top_keyboard.sv
    Info (12023): Found entity 1: top_keyboard File: C:/Users/Usuario/Documents/ArquidecomputadoresI/Proyecto-Grupal-1---Arqui-I/PISA/top_keyboard.sv Line: 4
Info (12021): Found 1 design units, including 1 entities, in source file kfps2kb.sv
    Info (12023): Found entity 1: KFPS2KB File: C:/Users/Usuario/Documents/ArquidecomputadoresI/Proyecto-Grupal-1---Arqui-I/PISA/KFPS2KB.sv Line: 2
Info (12021): Found 1 design units, including 1 entities, in source file kfps2kb_shift_register.sv
    Info (12023): Found entity 1: KFPS2KB_Shift_Register File: C:/Users/Usuario/Documents/ArquidecomputadoresI/Proyecto-Grupal-1---Arqui-I/PISA/KFPS2KB_Shift_Register.sv Line: 2
Info (12021): Found 1 design units, including 1 entities, in source file pllkeyboard.v
    Info (12023): Found entity 1: pllkeyboard File: C:/Users/Usuario/Documents/ArquidecomputadoresI/Proyecto-Grupal-1---Arqui-I/PISA/pllkeyboard.v Line: 8
Info (12021): Found 1 design units, including 1 entities, in source file pllkeyboard/pllkeyboard_0002.v
    Info (12023): Found entity 1: pllkeyboard_0002 File: C:/Users/Usuario/Documents/ArquidecomputadoresI/Proyecto-Grupal-1---Arqui-I/PISA/pllkeyboard/pllkeyboard_0002.v Line: 2
Info (12021): Found 1 design units, including 1 entities, in source file main_tb.sv
    Info (12023): Found entity 1: MAIN_TB File: C:/Users/Usuario/Documents/ArquidecomputadoresI/Proyecto-Grupal-1---Arqui-I/PISA/MAIN_TB.sv Line: 3
Warning (10222): Verilog HDL Parameter Declaration warning at draw_board.sv(36): Parameter Declaration in module "draw_board" behaves as a Local Parameter Declaration because the module has a Module Parameter Port List File: C:/Users/Usuario/Documents/ArquidecomputadoresI/Proyecto-Grupal-1---Arqui-I/PISA/VGA/draw_board.sv Line: 36
Warning (10222): Verilog HDL Parameter Declaration warning at draw_board.sv(39): Parameter Declaration in module "draw_board" behaves as a Local Parameter Declaration because the module has a Module Parameter Port List File: C:/Users/Usuario/Documents/ArquidecomputadoresI/Proyecto-Grupal-1---Arqui-I/PISA/VGA/draw_board.sv Line: 39
Warning (10222): Verilog HDL Parameter Declaration warning at draw_board.sv(43): Parameter Declaration in module "draw_board" behaves as a Local Parameter Declaration because the module has a Module Parameter Port List File: C:/Users/Usuario/Documents/ArquidecomputadoresI/Proyecto-Grupal-1---Arqui-I/PISA/VGA/draw_board.sv Line: 43
Info (12127): Elaborating entity "MAIN" for the top level hierarchy
Info (12128): Elaborating entity "PISA" for hierarchy "PISA:pisa" File: C:/Users/Usuario/Documents/ArquidecomputadoresI/Proyecto-Grupal-1---Arqui-I/PISA/MAIN.sv Line: 61
Info (12128): Elaborating entity "vga" for hierarchy "PISA:pisa|vga:vga" File: C:/Users/Usuario/Documents/ArquidecomputadoresI/Proyecto-Grupal-1---Arqui-I/PISA/PISA.sv Line: 47
Info (12128): Elaborating entity "pll" for hierarchy "PISA:pisa|vga:vga|pll:vgapll" File: C:/Users/Usuario/Documents/ArquidecomputadoresI/Proyecto-Grupal-1---Arqui-I/PISA/VGA/vga.sv Line: 28
Info (12128): Elaborating entity "vga_controller" for hierarchy "PISA:pisa|vga:vga|vga_controller:vga_controller_inst" File: C:/Users/Usuario/Documents/ArquidecomputadoresI/Proyecto-Grupal-1---Arqui-I/PISA/VGA/vga.sv Line: 41
Info (12128): Elaborating entity "draw_board" for hierarchy "PISA:pisa|vga:vga|draw_board:draw_board_inst" File: C:/Users/Usuario/Documents/ArquidecomputadoresI/Proyecto-Grupal-1---Arqui-I/PISA/VGA/vga.sv Line: 59
Warning (10230): Verilog HDL assignment warning at draw_board.sv(68): truncated value with size 32 to match size of target (16) File: C:/Users/Usuario/Documents/ArquidecomputadoresI/Proyecto-Grupal-1---Arqui-I/PISA/VGA/draw_board.sv Line: 68
Warning (10230): Verilog HDL assignment warning at draw_board.sv(69): truncated value with size 32 to match size of target (18) File: C:/Users/Usuario/Documents/ArquidecomputadoresI/Proyecto-Grupal-1---Arqui-I/PISA/VGA/draw_board.sv Line: 69
Warning (10230): Verilog HDL assignment warning at draw_board.sv(71): truncated value with size 32 to match size of target (16) File: C:/Users/Usuario/Documents/ArquidecomputadoresI/Proyecto-Grupal-1---Arqui-I/PISA/VGA/draw_board.sv Line: 71
Warning (10230): Verilog HDL assignment warning at draw_board.sv(72): truncated value with size 32 to match size of target (16) File: C:/Users/Usuario/Documents/ArquidecomputadoresI/Proyecto-Grupal-1---Arqui-I/PISA/VGA/draw_board.sv Line: 72
Warning (10230): Verilog HDL assignment warning at draw_board.sv(73): truncated value with size 32 to match size of target (16) File: C:/Users/Usuario/Documents/ArquidecomputadoresI/Proyecto-Grupal-1---Arqui-I/PISA/VGA/draw_board.sv Line: 73
Warning (10230): Verilog HDL assignment warning at draw_board.sv(87): truncated value with size 32 to match size of target (16) File: C:/Users/Usuario/Documents/ArquidecomputadoresI/Proyecto-Grupal-1---Arqui-I/PISA/VGA/draw_board.sv Line: 87
Warning (10230): Verilog HDL assignment warning at draw_board.sv(89): truncated value with size 32 to match size of target (16) File: C:/Users/Usuario/Documents/ArquidecomputadoresI/Proyecto-Grupal-1---Arqui-I/PISA/VGA/draw_board.sv Line: 89
Warning (10230): Verilog HDL assignment warning at draw_board.sv(90): truncated value with size 32 to match size of target (16) File: C:/Users/Usuario/Documents/ArquidecomputadoresI/Proyecto-Grupal-1---Arqui-I/PISA/VGA/draw_board.sv Line: 90
Warning (10230): Verilog HDL assignment warning at draw_board.sv(91): truncated value with size 32 to match size of target (16) File: C:/Users/Usuario/Documents/ArquidecomputadoresI/Proyecto-Grupal-1---Arqui-I/PISA/VGA/draw_board.sv Line: 91
Info (12128): Elaborating entity "RAM_pixels" for hierarchy "PISA:pisa|RAM_pixels:ram_pixels" File: C:/Users/Usuario/Documents/ArquidecomputadoresI/Proyecto-Grupal-1---Arqui-I/PISA/PISA.sv Line: 56
Info (12128): Elaborating entity "altsyncram" for hierarchy "PISA:pisa|RAM_pixels:ram_pixels|altsyncram:altsyncram_component" File: C:/Users/Usuario/Documents/ArquidecomputadoresI/Proyecto-Grupal-1---Arqui-I/PISA/RAM_pixels.v Line: 89
Info (12130): Elaborated megafunction instantiation "PISA:pisa|RAM_pixels:ram_pixels|altsyncram:altsyncram_component" File: C:/Users/Usuario/Documents/ArquidecomputadoresI/Proyecto-Grupal-1---Arqui-I/PISA/RAM_pixels.v Line: 89
Info (12133): Instantiated megafunction "PISA:pisa|RAM_pixels:ram_pixels|altsyncram:altsyncram_component" with the following parameter: File: C:/Users/Usuario/Documents/ArquidecomputadoresI/Proyecto-Grupal-1---Arqui-I/PISA/RAM_pixels.v Line: 89
    Info (12134): Parameter "address_aclr_b" = "NONE"
    Info (12134): Parameter "address_reg_b" = "CLOCK0"
    Info (12134): Parameter "clock_enable_input_a" = "BYPASS"
    Info (12134): Parameter "clock_enable_input_b" = "BYPASS"
    Info (12134): Parameter "clock_enable_output_b" = "BYPASS"
    Info (12134): Parameter "init_file" = "pixels.mif"
    Info (12134): Parameter "intended_device_family" = "Cyclone V"
    Info (12134): Parameter "lpm_type" = "altsyncram"
    Info (12134): Parameter "numwords_a" = "200000"
    Info (12134): Parameter "numwords_b" = "200000"
    Info (12134): Parameter "operation_mode" = "DUAL_PORT"
    Info (12134): Parameter "outdata_aclr_b" = "NONE"
    Info (12134): Parameter "outdata_reg_b" = "CLOCK0"
    Info (12134): Parameter "power_up_uninitialized" = "FALSE"
    Info (12134): Parameter "read_during_write_mode_mixed_ports" = "OLD_DATA"
    Info (12134): Parameter "widthad_a" = "18"
    Info (12134): Parameter "widthad_b" = "18"
    Info (12134): Parameter "width_a" = "8"
    Info (12134): Parameter "width_b" = "8"
    Info (12134): Parameter "width_byteena_a" = "1"
Info (12021): Found 1 design units, including 1 entities, in source file db/altsyncram_m002.tdf
    Info (12023): Found entity 1: altsyncram_m002 File: C:/Users/Usuario/Documents/ArquidecomputadoresI/Proyecto-Grupal-1---Arqui-I/PISA/db/altsyncram_m002.tdf Line: 31
Info (12128): Elaborating entity "altsyncram_m002" for hierarchy "PISA:pisa|RAM_pixels:ram_pixels|altsyncram:altsyncram_component|altsyncram_m002:auto_generated" File: c:/intelfpga_lite/18.1/quartus/libraries/megafunctions/altsyncram.tdf Line: 791
Info (12021): Found 1 design units, including 1 entities, in source file db/decode_uma.tdf
    Info (12023): Found entity 1: decode_uma File: C:/Users/Usuario/Documents/ArquidecomputadoresI/Proyecto-Grupal-1---Arqui-I/PISA/db/decode_uma.tdf Line: 22
Info (12128): Elaborating entity "decode_uma" for hierarchy "PISA:pisa|RAM_pixels:ram_pixels|altsyncram:altsyncram_component|altsyncram_m002:auto_generated|decode_uma:decode2" File: C:/Users/Usuario/Documents/ArquidecomputadoresI/Proyecto-Grupal-1---Arqui-I/PISA/db/altsyncram_m002.tdf Line: 43
Info (12021): Found 1 design units, including 1 entities, in source file db/mux_ehb.tdf
    Info (12023): Found entity 1: mux_ehb File: C:/Users/Usuario/Documents/ArquidecomputadoresI/Proyecto-Grupal-1---Arqui-I/PISA/db/mux_ehb.tdf Line: 22
Info (12128): Elaborating entity "mux_ehb" for hierarchy "PISA:pisa|RAM_pixels:ram_pixels|altsyncram:altsyncram_component|altsyncram_m002:auto_generated|mux_ehb:mux3" File: C:/Users/Usuario/Documents/ArquidecomputadoresI/Proyecto-Grupal-1---Arqui-I/PISA/db/altsyncram_m002.tdf Line: 44
Info (12128): Elaborating entity "top_keyboard" for hierarchy "PISA:pisa|top_keyboard:u_keyboard" File: C:/Users/Usuario/Documents/ArquidecomputadoresI/Proyecto-Grupal-1---Arqui-I/PISA/PISA.sv Line: 70
Info (12128): Elaborating entity "pllkeyboard" for hierarchy "PISA:pisa|top_keyboard:u_keyboard|pllkeyboard:PLL" File: C:/Users/Usuario/Documents/ArquidecomputadoresI/Proyecto-Grupal-1---Arqui-I/PISA/top_keyboard.sv Line: 27
Info (12128): Elaborating entity "pllkeyboard_0002" for hierarchy "PISA:pisa|top_keyboard:u_keyboard|pllkeyboard:PLL|pllkeyboard_0002:pllkeyboard_inst" File: C:/Users/Usuario/Documents/ArquidecomputadoresI/Proyecto-Grupal-1---Arqui-I/PISA/pllkeyboard.v Line: 19
Info (12128): Elaborating entity "altera_pll" for hierarchy "PISA:pisa|top_keyboard:u_keyboard|pllkeyboard:PLL|pllkeyboard_0002:pllkeyboard_inst|altera_pll:altera_pll_i" File: C:/Users/Usuario/Documents/ArquidecomputadoresI/Proyecto-Grupal-1---Arqui-I/PISA/pllkeyboard/pllkeyboard_0002.v Line: 85
Info (10008): Verilog HDL or VHDL information: EDA Netlist Writer cannot regroup multidimensional array "wire_to_nowhere_64" into its bus
Info (12130): Elaborated megafunction instantiation "PISA:pisa|top_keyboard:u_keyboard|pllkeyboard:PLL|pllkeyboard_0002:pllkeyboard_inst|altera_pll:altera_pll_i" File: C:/Users/Usuario/Documents/ArquidecomputadoresI/Proyecto-Grupal-1---Arqui-I/PISA/pllkeyboard/pllkeyboard_0002.v Line: 85
Info (12133): Instantiated megafunction "PISA:pisa|top_keyboard:u_keyboard|pllkeyboard:PLL|pllkeyboard_0002:pllkeyboard_inst|altera_pll:altera_pll_i" with the following parameter: File: C:/Users/Usuario/Documents/ArquidecomputadoresI/Proyecto-Grupal-1---Arqui-I/PISA/pllkeyboard/pllkeyboard_0002.v Line: 85
    Info (12134): Parameter "fractional_vco_multiplier" = "false"
    Info (12134): Parameter "reference_clock_frequency" = "50.0 MHz"
    Info (12134): Parameter "operation_mode" = "direct"
    Info (12134): Parameter "number_of_clocks" = "1"
    Info (12134): Parameter "output_clock_frequency0" = "50.000000 MHz"
    Info (12134): Parameter "phase_shift0" = "0 ps"
    Info (12134): Parameter "duty_cycle0" = "50"
    Info (12134): Parameter "output_clock_frequency1" = "0 MHz"
    Info (12134): Parameter "phase_shift1" = "0 ps"
    Info (12134): Parameter "duty_cycle1" = "50"
    Info (12134): Parameter "output_clock_frequency2" = "0 MHz"
    Info (12134): Parameter "phase_shift2" = "0 ps"
    Info (12134): Parameter "duty_cycle2" = "50"
    Info (12134): Parameter "output_clock_frequency3" = "0 MHz"
    Info (12134): Parameter "phase_shift3" = "0 ps"
    Info (12134): Parameter "duty_cycle3" = "50"
    Info (12134): Parameter "output_clock_frequency4" = "0 MHz"
    Info (12134): Parameter "phase_shift4" = "0 ps"
    Info (12134): Parameter "duty_cycle4" = "50"
    Info (12134): Parameter "output_clock_frequency5" = "0 MHz"
    Info (12134): Parameter "phase_shift5" = "0 ps"
    Info (12134): Parameter "duty_cycle5" = "50"
    Info (12134): Parameter "output_clock_frequency6" = "0 MHz"
    Info (12134): Parameter "phase_shift6" = "0 ps"
    Info (12134): Parameter "duty_cycle6" = "50"
    Info (12134): Parameter "output_clock_frequency7" = "0 MHz"
    Info (12134): Parameter "phase_shift7" = "0 ps"
    Info (12134): Parameter "duty_cycle7" = "50"
    Info (12134): Parameter "output_clock_frequency8" = "0 MHz"
    Info (12134): Parameter "phase_shift8" = "0 ps"
    Info (12134): Parameter "duty_cycle8" = "50"
    Info (12134): Parameter "output_clock_frequency9" = "0 MHz"
    Info (12134): Parameter "phase_shift9" = "0 ps"
    Info (12134): Parameter "duty_cycle9" = "50"
    Info (12134): Parameter "output_clock_frequency10" = "0 MHz"
    Info (12134): Parameter "phase_shift10" = "0 ps"
    Info (12134): Parameter "duty_cycle10" = "50"
    Info (12134): Parameter "output_clock_frequency11" = "0 MHz"
    Info (12134): Parameter "phase_shift11" = "0 ps"
    Info (12134): Parameter "duty_cycle11" = "50"
    Info (12134): Parameter "output_clock_frequency12" = "0 MHz"
    Info (12134): Parameter "phase_shift12" = "0 ps"
    Info (12134): Parameter "duty_cycle12" = "50"
    Info (12134): Parameter "output_clock_frequency13" = "0 MHz"
    Info (12134): Parameter "phase_shift13" = "0 ps"
    Info (12134): Parameter "duty_cycle13" = "50"
    Info (12134): Parameter "output_clock_frequency14" = "0 MHz"
    Info (12134): Parameter "phase_shift14" = "0 ps"
    Info (12134): Parameter "duty_cycle14" = "50"
    Info (12134): Parameter "output_clock_frequency15" = "0 MHz"
    Info (12134): Parameter "phase_shift15" = "0 ps"
    Info (12134): Parameter "duty_cycle15" = "50"
    Info (12134): Parameter "output_clock_frequency16" = "0 MHz"
    Info (12134): Parameter "phase_shift16" = "0 ps"
    Info (12134): Parameter "duty_cycle16" = "50"
    Info (12134): Parameter "output_clock_frequency17" = "0 MHz"
    Info (12134): Parameter "phase_shift17" = "0 ps"
    Info (12134): Parameter "duty_cycle17" = "50"
    Info (12134): Parameter "pll_type" = "General"
    Info (12134): Parameter "pll_subtype" = "General"
Info (12128): Elaborating entity "KFPS2KB" for hierarchy "PISA:pisa|top_keyboard:u_keyboard|KFPS2KB:u_KFPS2KB" File: C:/Users/Usuario/Documents/ArquidecomputadoresI/Proyecto-Grupal-1---Arqui-I/PISA/top_keyboard.sv Line: 92
Info (12128): Elaborating entity "KFPS2KB_Shift_Register" for hierarchy "PISA:pisa|top_keyboard:u_keyboard|KFPS2KB:u_KFPS2KB|KFPS2KB_Shift_Register:u_Shift_Register" File: C:/Users/Usuario/Documents/ArquidecomputadoresI/Proyecto-Grupal-1---Arqui-I/PISA/KFPS2KB.sv Line: 40
Warning (12241): 2 hierarchies have connectivity warnings - see the Connectivity Checks report folder
Info (144001): Generated suppressed messages file C:/Users/Usuario/Documents/ArquidecomputadoresI/Proyecto-Grupal-1---Arqui-I/PISA/output_files/MAIN.map.smsg
Info: Quartus Prime Analysis & Elaboration was successful. 0 errors, 14 warnings
    Info: Peak virtual memory: 4819 megabytes
    Info: Processing ended: Mon Oct 21 12:34:47 2024
    Info: Elapsed time: 00:00:17
    Info: Total CPU time (on all processors): 00:00:15


+--------------------------------------------+
; Analysis & Elaboration Suppressed Messages ;
+--------------------------------------------+
The suppressed messages can be found in C:/Users/Usuario/Documents/ArquidecomputadoresI/Proyecto-Grupal-1---Arqui-I/PISA/output_files/MAIN.map.smsg.


