Analysis & Synthesis report for Pipeline
Thu Apr 24 00:45:00 2025
Quartus Prime Version 22.1std.0 Build 915 10/25/2022 SC Lite Edition


---------------------
; Table of Contents ;
---------------------
  1. Legal Notice
  2. Analysis & Synthesis Summary
  3. Analysis & Synthesis Settings
  4. Parallel Compilation
  5. Parameter Settings for User Entity Instance: pipeline:dut
  6. Parameter Settings for User Entity Instance: pipeline:dut|datapath_unit:datapath_unit_inst
  7. Parameter Settings for User Entity Instance: pipeline:dut|datapath_unit:datapath_unit_inst|mux2:mux_pcn_pcj
  8. Parameter Settings for User Entity Instance: pipeline:dut|datapath_unit:datapath_unit_inst|instruction_memory:instruction_memory_inst
  9. Parameter Settings for User Entity Instance: pipeline:dut|datapath_unit:datapath_unit_inst|mux2:mux_1_rs2
 10. Parameter Settings for User Entity Instance: pipeline:dut|datapath_unit:datapath_unit_inst|hazard_detection_unit:hazard_detection_unit_inst
 11. Parameter Settings for User Entity Instance: pipeline:dut|datapath_unit:datapath_unit_inst|register_file:register_file_inst
 12. Parameter Settings for User Entity Instance: pipeline:dut|datapath_unit:datapath_unit_inst|imm_gen:imm_gen_inst
 13. Parameter Settings for User Entity Instance: pipeline:dut|datapath_unit:datapath_unit_inst|forwarding_unit:forwarding_unit_inst
 14. Parameter Settings for User Entity Instance: pipeline:dut|datapath_unit:datapath_unit_inst|mux4:mux4_A
 15. Parameter Settings for User Entity Instance: pipeline:dut|datapath_unit:datapath_unit_inst|mux4:mux4_B
 16. Parameter Settings for User Entity Instance: pipeline:dut|datapath_unit:datapath_unit_inst|mux2:mux_drs2_imm
 17. Parameter Settings for User Entity Instance: pipeline:dut|datapath_unit:datapath_unit_inst|alu:alu_inst
 18. Parameter Settings for User Entity Instance: pipeline:dut|datapath_unit:datapath_unit_inst|data_memory:data_memory_inst
 19. Parameter Settings for User Entity Instance: pipeline:dut|datapath_unit:datapath_unit_inst|mux2:mux_alu_mem
 20. Port Connectivity Checks: "pipeline:dut|datapath_unit:datapath_unit_inst|data_memory:data_memory_inst"
 21. Port Connectivity Checks: "pipeline:dut|datapath_unit:datapath_unit_inst|mux4:mux4_B"
 22. Port Connectivity Checks: "pipeline:dut|datapath_unit:datapath_unit_inst|mux4:mux4_A"
 23. Port Connectivity Checks: "pipeline:dut|datapath_unit:datapath_unit_inst|mux2:mux_1_rs2"
 24. Port Connectivity Checks: "pipeline:dut"
 25. Elapsed Time Per Partition
 26. Analysis & Synthesis Messages
 27. Analysis & Synthesis Suppressed Messages



----------------
; Legal Notice ;
----------------
Copyright (C) 2022  Intel Corporation. All rights reserved.
Your use of Intel Corporation's design tools, logic functions 
and other software and tools, and any partner logic 
functions, and any output files from any of the foregoing 
(including device programming or simulation files), and any 
associated documentation or information are expressly subject 
to the terms and conditions of the Intel Program License 
Subscription Agreement, the Intel Quartus Prime License Agreement,
the Intel FPGA IP License Agreement, or other applicable license
agreement, including, without limitation, that your use is for
the sole purpose of programming logic devices manufactured by
Intel and sold by Intel or its authorized distributors.  Please
refer to the applicable agreement for further details, at
https://fpgasoftware.intel.com/eula.



+------------------------------------------------------------------------------+
; Analysis & Synthesis Summary                                                 ;
+-----------------------------+------------------------------------------------+
; Analysis & Synthesis Status ; Failed - Thu Apr 24 00:44:59 2025              ;
; Quartus Prime Version       ; 22.1std.0 Build 915 10/25/2022 SC Lite Edition ;
; Revision Name               ; Pipeline                                       ;
; Top-level Entity Name       ; pipeline_tb                                    ;
; Family                      ; Cyclone V                                      ;
; Logic utilization (in ALMs) ; N/A until Partition Merge                      ;
; Total registers             ; N/A until Partition Merge                      ;
; Total pins                  ; N/A until Partition Merge                      ;
; Total virtual pins          ; N/A until Partition Merge                      ;
; Total block memory bits     ; N/A until Partition Merge                      ;
; Total PLLs                  ; N/A until Partition Merge                      ;
; Total DLLs                  ; N/A until Partition Merge                      ;
+-----------------------------+------------------------------------------------+


+---------------------------------------------------------------------------------------------------------------------------+
; Analysis & Synthesis Settings                                                                                             ;
+---------------------------------------------------------------------------------+--------------------+--------------------+
; Option                                                                          ; Setting            ; Default Value      ;
+---------------------------------------------------------------------------------+--------------------+--------------------+
; Device                                                                          ; 5CSXFC6D6F31C6     ;                    ;
; Top-level entity name                                                           ; pipeline_tb        ; Pipeline           ;
; Family name                                                                     ; Cyclone V          ; Cyclone V          ;
; Use smart compilation                                                           ; Off                ; Off                ;
; Enable parallel Assembler and Timing Analyzer during compilation                ; On                 ; On                 ;
; Enable compact report table                                                     ; Off                ; Off                ;
; Restructure Multiplexers                                                        ; Auto               ; Auto               ;
; MLAB Add Timing Constraints For Mixed-Port Feed-Through Mode Setting Don't Care ; Off                ; Off                ;
; Create Debugging Nodes for IP Cores                                             ; Off                ; Off                ;
; Preserve fewer node names                                                       ; On                 ; On                 ;
; Intel FPGA IP Evaluation Mode                                                   ; Enable             ; Enable             ;
; Verilog Version                                                                 ; Verilog_2001       ; Verilog_2001       ;
; VHDL Version                                                                    ; VHDL_1993          ; VHDL_1993          ;
; State Machine Processing                                                        ; Auto               ; Auto               ;
; Safe State Machine                                                              ; Off                ; Off                ;
; Extract Verilog State Machines                                                  ; On                 ; On                 ;
; Extract VHDL State Machines                                                     ; On                 ; On                 ;
; Ignore Verilog initial constructs                                               ; Off                ; Off                ;
; Iteration limit for constant Verilog loops                                      ; 5000               ; 5000               ;
; Iteration limit for non-constant Verilog loops                                  ; 250                ; 250                ;
; Add Pass-Through Logic to Inferred RAMs                                         ; On                 ; On                 ;
; Infer RAMs from Raw Logic                                                       ; On                 ; On                 ;
; Parallel Synthesis                                                              ; On                 ; On                 ;
; DSP Block Balancing                                                             ; Auto               ; Auto               ;
; NOT Gate Push-Back                                                              ; On                 ; On                 ;
; Power-Up Don't Care                                                             ; On                 ; On                 ;
; Remove Redundant Logic Cells                                                    ; Off                ; Off                ;
; Remove Duplicate Registers                                                      ; On                 ; On                 ;
; Ignore CARRY Buffers                                                            ; Off                ; Off                ;
; Ignore CASCADE Buffers                                                          ; Off                ; Off                ;
; Ignore GLOBAL Buffers                                                           ; Off                ; Off                ;
; Ignore ROW GLOBAL Buffers                                                       ; Off                ; Off                ;
; Ignore LCELL Buffers                                                            ; Off                ; Off                ;
; Ignore SOFT Buffers                                                             ; On                 ; On                 ;
; Limit AHDL Integers to 32 Bits                                                  ; Off                ; Off                ;
; Optimization Technique                                                          ; Balanced           ; Balanced           ;
; Carry Chain Length                                                              ; 70                 ; 70                 ;
; Auto Carry Chains                                                               ; On                 ; On                 ;
; Auto Open-Drain Pins                                                            ; On                 ; On                 ;
; Perform WYSIWYG Primitive Resynthesis                                           ; Off                ; Off                ;
; Auto ROM Replacement                                                            ; On                 ; On                 ;
; Auto RAM Replacement                                                            ; On                 ; On                 ;
; Auto DSP Block Replacement                                                      ; On                 ; On                 ;
; Auto Shift Register Replacement                                                 ; Auto               ; Auto               ;
; Allow Shift Register Merging across Hierarchies                                 ; Auto               ; Auto               ;
; Auto Clock Enable Replacement                                                   ; On                 ; On                 ;
; Strict RAM Replacement                                                          ; Off                ; Off                ;
; Allow Synchronous Control Signals                                               ; On                 ; On                 ;
; Force Use of Synchronous Clear Signals                                          ; Off                ; Off                ;
; Auto Resource Sharing                                                           ; Off                ; Off                ;
; Allow Any RAM Size For Recognition                                              ; Off                ; Off                ;
; Allow Any ROM Size For Recognition                                              ; Off                ; Off                ;
; Allow Any Shift Register Size For Recognition                                   ; Off                ; Off                ;
; Use LogicLock Constraints during Resource Balancing                             ; On                 ; On                 ;
; Ignore translate_off and synthesis_off directives                               ; Off                ; Off                ;
; Timing-Driven Synthesis                                                         ; On                 ; On                 ;
; Report Parameter Settings                                                       ; On                 ; On                 ;
; Report Source Assignments                                                       ; On                 ; On                 ;
; Report Connectivity Checks                                                      ; On                 ; On                 ;
; Ignore Maximum Fan-Out Assignments                                              ; Off                ; Off                ;
; Synchronization Register Chain Length                                           ; 3                  ; 3                  ;
; Power Optimization During Synthesis                                             ; Normal compilation ; Normal compilation ;
; HDL message level                                                               ; Level2             ; Level2             ;
; Suppress Register Optimization Related Messages                                 ; Off                ; Off                ;
; Number of Removed Registers Reported in Synthesis Report                        ; 5000               ; 5000               ;
; Number of Swept Nodes Reported in Synthesis Report                              ; 5000               ; 5000               ;
; Number of Inverted Registers Reported in Synthesis Report                       ; 100                ; 100                ;
; Clock MUX Protection                                                            ; On                 ; On                 ;
; Auto Gated Clock Conversion                                                     ; Off                ; Off                ;
; Block Design Naming                                                             ; Auto               ; Auto               ;
; SDC constraint protection                                                       ; Off                ; Off                ;
; Synthesis Effort                                                                ; Auto               ; Auto               ;
; Shift Register Replacement - Allow Asynchronous Clear Signal                    ; On                 ; On                 ;
; Pre-Mapping Resynthesis Optimization                                            ; Off                ; Off                ;
; Analysis & Synthesis Message Level                                              ; Medium             ; Medium             ;
; Disable Register Merging Across Hierarchies                                     ; Auto               ; Auto               ;
; Resource Aware Inference For Block RAM                                          ; On                 ; On                 ;
; Automatic Parallel Synthesis                                                    ; On                 ; On                 ;
; Partial Reconfiguration Bitstream ID                                            ; Off                ; Off                ;
+---------------------------------------------------------------------------------+--------------------+--------------------+


+------------------------------------------+
; Parallel Compilation                     ;
+----------------------------+-------------+
; Processors                 ; Number      ;
+----------------------------+-------------+
; Number detected on machine ; 8           ;
; Maximum allowed            ; 4           ;
;                            ;             ;
; Average used               ; 1.00        ;
; Maximum used               ; 1           ;
;                            ;             ;
; Usage by Processor         ; % Time Used ;
;     Processor 1            ; 100.0%      ;
+----------------------------+-------------+


+-----------------------------------------------------------+
; Parameter Settings for User Entity Instance: pipeline:dut ;
+----------------+-------+----------------------------------+
; Parameter Name ; Value ; Type                             ;
+----------------+-------+----------------------------------+
; DATA_WIDTH     ; 20    ; Signed Integer                   ;
; ADDRESS_WIDTH  ; 8     ; Signed Integer                   ;
; REG_NUMBER     ; 5     ; Signed Integer                   ;
; MEM_SIZE       ; 256   ; Signed Integer                   ;
+----------------+-------+----------------------------------+
Note: In order to hide this table in the UI and the text report file, please set the "Show Parameter Settings in Synthesis Report" option in "Analysis and Synthesis Settings -> More Settings" to "Off".


+--------------------------------------------------------------------------------------------+
; Parameter Settings for User Entity Instance: pipeline:dut|datapath_unit:datapath_unit_inst ;
+----------------+-------+-------------------------------------------------------------------+
; Parameter Name ; Value ; Type                                                              ;
+----------------+-------+-------------------------------------------------------------------+
; DATA_WIDTH     ; 20    ; Signed Integer                                                    ;
; ADDRESS_WIDTH  ; 8     ; Signed Integer                                                    ;
; REG_NUMBER     ; 5     ; Signed Integer                                                    ;
; MEM_SIZE       ; 256   ; Signed Integer                                                    ;
+----------------+-------+-------------------------------------------------------------------+
Note: In order to hide this table in the UI and the text report file, please set the "Show Parameter Settings in Synthesis Report" option in "Analysis and Synthesis Settings -> More Settings" to "Off".


+-------------------------------------------------------------------------------------------------------------+
; Parameter Settings for User Entity Instance: pipeline:dut|datapath_unit:datapath_unit_inst|mux2:mux_pcn_pcj ;
+----------------+-------+------------------------------------------------------------------------------------+
; Parameter Name ; Value ; Type                                                                               ;
+----------------+-------+------------------------------------------------------------------------------------+
; WIDTH          ; 8     ; Signed Integer                                                                     ;
+----------------+-------+------------------------------------------------------------------------------------+
Note: In order to hide this table in the UI and the text report file, please set the "Show Parameter Settings in Synthesis Report" option in "Analysis and Synthesis Settings -> More Settings" to "Off".


+---------------------------------------------------------------------------------------------------------------------------------------+
; Parameter Settings for User Entity Instance: pipeline:dut|datapath_unit:datapath_unit_inst|instruction_memory:instruction_memory_inst ;
+----------------+-------+--------------------------------------------------------------------------------------------------------------+
; Parameter Name ; Value ; Type                                                                                                         ;
+----------------+-------+--------------------------------------------------------------------------------------------------------------+
; DATA_WIDTH     ; 20    ; Signed Integer                                                                                               ;
; ADDRESS_WIDTH  ; 8     ; Signed Integer                                                                                               ;
; MEM_SIZE       ; 256   ; Signed Integer                                                                                               ;
+----------------+-------+--------------------------------------------------------------------------------------------------------------+
Note: In order to hide this table in the UI and the text report file, please set the "Show Parameter Settings in Synthesis Report" option in "Analysis and Synthesis Settings -> More Settings" to "Off".


+-----------------------------------------------------------------------------------------------------------+
; Parameter Settings for User Entity Instance: pipeline:dut|datapath_unit:datapath_unit_inst|mux2:mux_1_rs2 ;
+----------------+-------+----------------------------------------------------------------------------------+
; Parameter Name ; Value ; Type                                                                             ;
+----------------+-------+----------------------------------------------------------------------------------+
; WIDTH          ; 5     ; Signed Integer                                                                   ;
+----------------+-------+----------------------------------------------------------------------------------+
Note: In order to hide this table in the UI and the text report file, please set the "Show Parameter Settings in Synthesis Report" option in "Analysis and Synthesis Settings -> More Settings" to "Off".


+---------------------------------------------------------------------------------------------------------------------------------------------+
; Parameter Settings for User Entity Instance: pipeline:dut|datapath_unit:datapath_unit_inst|hazard_detection_unit:hazard_detection_unit_inst ;
+----------------+-------+--------------------------------------------------------------------------------------------------------------------+
; Parameter Name ; Value ; Type                                                                                                               ;
+----------------+-------+--------------------------------------------------------------------------------------------------------------------+
; REG_NUMBER     ; 5     ; Signed Integer                                                                                                     ;
+----------------+-------+--------------------------------------------------------------------------------------------------------------------+
Note: In order to hide this table in the UI and the text report file, please set the "Show Parameter Settings in Synthesis Report" option in "Analysis and Synthesis Settings -> More Settings" to "Off".


+-----------------------------------------------------------------------------------------------------------------------------+
; Parameter Settings for User Entity Instance: pipeline:dut|datapath_unit:datapath_unit_inst|register_file:register_file_inst ;
+----------------+-------+----------------------------------------------------------------------------------------------------+
; Parameter Name ; Value ; Type                                                                                               ;
+----------------+-------+----------------------------------------------------------------------------------------------------+
; DATA_WIDTH     ; 20    ; Signed Integer                                                                                     ;
; REG_NUMBER     ; 5     ; Signed Integer                                                                                     ;
+----------------+-------+----------------------------------------------------------------------------------------------------+
Note: In order to hide this table in the UI and the text report file, please set the "Show Parameter Settings in Synthesis Report" option in "Analysis and Synthesis Settings -> More Settings" to "Off".


+-----------------------------------------------------------------------------------------------------------------+
; Parameter Settings for User Entity Instance: pipeline:dut|datapath_unit:datapath_unit_inst|imm_gen:imm_gen_inst ;
+----------------+-------+----------------------------------------------------------------------------------------+
; Parameter Name ; Value ; Type                                                                                   ;
+----------------+-------+----------------------------------------------------------------------------------------+
; DATA_WIDTH     ; 20    ; Signed Integer                                                                         ;
+----------------+-------+----------------------------------------------------------------------------------------+
Note: In order to hide this table in the UI and the text report file, please set the "Show Parameter Settings in Synthesis Report" option in "Analysis and Synthesis Settings -> More Settings" to "Off".


+---------------------------------------------------------------------------------------------------------------------------------+
; Parameter Settings for User Entity Instance: pipeline:dut|datapath_unit:datapath_unit_inst|forwarding_unit:forwarding_unit_inst ;
+----------------+-------+--------------------------------------------------------------------------------------------------------+
; Parameter Name ; Value ; Type                                                                                                   ;
+----------------+-------+--------------------------------------------------------------------------------------------------------+
; REG_NUMBER     ; 5     ; Signed Integer                                                                                         ;
+----------------+-------+--------------------------------------------------------------------------------------------------------+
Note: In order to hide this table in the UI and the text report file, please set the "Show Parameter Settings in Synthesis Report" option in "Analysis and Synthesis Settings -> More Settings" to "Off".


+--------------------------------------------------------------------------------------------------------+
; Parameter Settings for User Entity Instance: pipeline:dut|datapath_unit:datapath_unit_inst|mux4:mux4_A ;
+----------------+-------+-------------------------------------------------------------------------------+
; Parameter Name ; Value ; Type                                                                          ;
+----------------+-------+-------------------------------------------------------------------------------+
; WIDTH          ; 20    ; Signed Integer                                                                ;
+----------------+-------+-------------------------------------------------------------------------------+
Note: In order to hide this table in the UI and the text report file, please set the "Show Parameter Settings in Synthesis Report" option in "Analysis and Synthesis Settings -> More Settings" to "Off".


+--------------------------------------------------------------------------------------------------------+
; Parameter Settings for User Entity Instance: pipeline:dut|datapath_unit:datapath_unit_inst|mux4:mux4_B ;
+----------------+-------+-------------------------------------------------------------------------------+
; Parameter Name ; Value ; Type                                                                          ;
+----------------+-------+-------------------------------------------------------------------------------+
; WIDTH          ; 20    ; Signed Integer                                                                ;
+----------------+-------+-------------------------------------------------------------------------------+
Note: In order to hide this table in the UI and the text report file, please set the "Show Parameter Settings in Synthesis Report" option in "Analysis and Synthesis Settings -> More Settings" to "Off".


+--------------------------------------------------------------------------------------------------------------+
; Parameter Settings for User Entity Instance: pipeline:dut|datapath_unit:datapath_unit_inst|mux2:mux_drs2_imm ;
+----------------+-------+-------------------------------------------------------------------------------------+
; Parameter Name ; Value ; Type                                                                                ;
+----------------+-------+-------------------------------------------------------------------------------------+
; WIDTH          ; 20    ; Signed Integer                                                                      ;
+----------------+-------+-------------------------------------------------------------------------------------+
Note: In order to hide this table in the UI and the text report file, please set the "Show Parameter Settings in Synthesis Report" option in "Analysis and Synthesis Settings -> More Settings" to "Off".


+---------------------------------------------------------------------------------------------------------+
; Parameter Settings for User Entity Instance: pipeline:dut|datapath_unit:datapath_unit_inst|alu:alu_inst ;
+----------------+-------+--------------------------------------------------------------------------------+
; Parameter Name ; Value ; Type                                                                           ;
+----------------+-------+--------------------------------------------------------------------------------+
; N              ; 20    ; Signed Integer                                                                 ;
+----------------+-------+--------------------------------------------------------------------------------+
Note: In order to hide this table in the UI and the text report file, please set the "Show Parameter Settings in Synthesis Report" option in "Analysis and Synthesis Settings -> More Settings" to "Off".


+-------------------------------------------------------------------------------------------------------------------------+
; Parameter Settings for User Entity Instance: pipeline:dut|datapath_unit:datapath_unit_inst|data_memory:data_memory_inst ;
+----------------+-------+------------------------------------------------------------------------------------------------+
; Parameter Name ; Value ; Type                                                                                           ;
+----------------+-------+------------------------------------------------------------------------------------------------+
; DATA_WIDTH     ; 32    ; Signed Integer                                                                                 ;
; ADDRESS_WIDTH  ; 20    ; Signed Integer                                                                                 ;
; MEM_SIZE       ; 1024  ; Signed Integer                                                                                 ;
+----------------+-------+------------------------------------------------------------------------------------------------+
Note: In order to hide this table in the UI and the text report file, please set the "Show Parameter Settings in Synthesis Report" option in "Analysis and Synthesis Settings -> More Settings" to "Off".


+-------------------------------------------------------------------------------------------------------------+
; Parameter Settings for User Entity Instance: pipeline:dut|datapath_unit:datapath_unit_inst|mux2:mux_alu_mem ;
+----------------+-------+------------------------------------------------------------------------------------+
; Parameter Name ; Value ; Type                                                                               ;
+----------------+-------+------------------------------------------------------------------------------------+
; WIDTH          ; 20    ; Signed Integer                                                                     ;
+----------------+-------+------------------------------------------------------------------------------------+
Note: In order to hide this table in the UI and the text report file, please set the "Show Parameter Settings in Synthesis Report" option in "Analysis and Synthesis Settings -> More Settings" to "Off".


+--------------------------------------------------------------------------------------------------------+
; Port Connectivity Checks: "pipeline:dut|datapath_unit:datapath_unit_inst|data_memory:data_memory_inst" ;
+--------------------+-------+----------+----------------------------------------------------------------+
; Port               ; Type  ; Severity ; Details                                                        ;
+--------------------+-------+----------+----------------------------------------------------------------+
; write_data[31..20] ; Input ; Info     ; Stuck at GND                                                   ;
+--------------------+-------+----------+----------------------------------------------------------------+


+---------------------------------------------------------------------------------------+
; Port Connectivity Checks: "pipeline:dut|datapath_unit:datapath_unit_inst|mux4:mux4_B" ;
+------+-------+----------+-------------------------------------------------------------+
; Port ; Type  ; Severity ; Details                                                     ;
+------+-------+----------+-------------------------------------------------------------+
; d    ; Input ; Info     ; Stuck at GND                                                ;
+------+-------+----------+-------------------------------------------------------------+


+---------------------------------------------------------------------------------------+
; Port Connectivity Checks: "pipeline:dut|datapath_unit:datapath_unit_inst|mux4:mux4_A" ;
+------+-------+----------+-------------------------------------------------------------+
; Port ; Type  ; Severity ; Details                                                     ;
+------+-------+----------+-------------------------------------------------------------+
; d    ; Input ; Info     ; Stuck at GND                                                ;
+------+-------+----------+-------------------------------------------------------------+


+------------------------------------------------------------------------------------------+
; Port Connectivity Checks: "pipeline:dut|datapath_unit:datapath_unit_inst|mux2:mux_1_rs2" ;
+---------+-------+----------+-------------------------------------------------------------+
; Port    ; Type  ; Severity ; Details                                                     ;
+---------+-------+----------+-------------------------------------------------------------+
; b[4..1] ; Input ; Info     ; Stuck at GND                                                ;
; b[0]    ; Input ; Info     ; Stuck at VCC                                                ;
+---------+-------+----------+-------------------------------------------------------------+


+--------------------------------------------------------------------------------------------------------------------------+
; Port Connectivity Checks: "pipeline:dut"                                                                                 ;
+----------------+--------+----------+-------------------------------------------------------------------------------------+
; Port           ; Type   ; Severity ; Details                                                                             ;
+----------------+--------+----------+-------------------------------------------------------------------------------------+
; rst            ; Input  ; Info     ; Stuck at VCC                                                                        ;
; zero           ; Output ; Info     ; Connected to dangling logic. Logic that only feeds a dangling port will be removed. ;
; pc_result      ; Output ; Info     ; Connected to dangling logic. Logic that only feeds a dangling port will be removed. ;
; ALUOp          ; Output ; Info     ; Connected to dangling logic. Logic that only feeds a dangling port will be removed. ;
; ALUSel         ; Output ; Info     ; Connected to dangling logic. Logic that only feeds a dangling port will be removed. ;
; Flush          ; Output ; Info     ; Connected to dangling logic. Logic that only feeds a dangling port will be removed. ;
; Stall          ; Output ; Info     ; Connected to dangling logic. Logic that only feeds a dangling port will be removed. ;
; IF_ID_Write    ; Output ; Info     ; Connected to dangling logic. Logic that only feeds a dangling port will be removed. ;
; PCWrite        ; Output ; Info     ; Connected to dangling logic. Logic that only feeds a dangling port will be removed. ;
; MemToReg       ; Output ; Info     ; Connected to dangling logic. Logic that only feeds a dangling port will be removed. ;
; ForwardA       ; Output ; Info     ; Connected to dangling logic. Logic that only feeds a dangling port will be removed. ;
; ForwardB       ; Output ; Info     ; Connected to dangling logic. Logic that only feeds a dangling port will be removed. ;
; ByteEnable     ; Output ; Info     ; Connected to dangling logic. Logic that only feeds a dangling port will be removed. ;
; MemRead        ; Output ; Info     ; Connected to dangling logic. Logic that only feeds a dangling port will be removed. ;
; MemWrite       ; Output ; Info     ; Connected to dangling logic. Logic that only feeds a dangling port will be removed. ;
; RegSrc         ; Output ; Info     ; Connected to dangling logic. Logic that only feeds a dangling port will be removed. ;
; ALUSrc         ; Output ; Info     ; Connected to dangling logic. Logic that only feeds a dangling port will be removed. ;
; RegWrite       ; Output ; Info     ; Connected to dangling logic. Logic that only feeds a dangling port will be removed. ;
; CMP            ; Output ; Info     ; Connected to dangling logic. Logic that only feeds a dangling port will be removed. ;
; BLT            ; Output ; Info     ; Connected to dangling logic. Logic that only feeds a dangling port will be removed. ;
; BGE            ; Output ; Info     ; Connected to dangling logic. Logic that only feeds a dangling port will be removed. ;
; JMP            ; Output ; Info     ; Connected to dangling logic. Logic that only feeds a dangling port will be removed. ;
; rs1            ; Output ; Info     ; Connected to dangling logic. Logic that only feeds a dangling port will be removed. ;
; rs2            ; Output ; Info     ; Connected to dangling logic. Logic that only feeds a dangling port will be removed. ;
; rd             ; Output ; Info     ; Connected to dangling logic. Logic that only feeds a dangling port will be removed. ;
; data_rs1       ; Output ; Info     ; Connected to dangling logic. Logic that only feeds a dangling port will be removed. ;
; data_rs2       ; Output ; Info     ; Connected to dangling logic. Logic that only feeds a dangling port will be removed. ;
; immediate      ; Output ; Info     ; Connected to dangling logic. Logic that only feeds a dangling port will be removed. ;
; reg_write_data ; Output ; Info     ; Connected to dangling logic. Logic that only feeds a dangling port will be removed. ;
; alu_result     ; Output ; Info     ; Connected to dangling logic. Logic that only feeds a dangling port will be removed. ;
; instruction    ; Output ; Info     ; Connected to dangling logic. Logic that only feeds a dangling port will be removed. ;
; mem_read_data  ; Output ; Info     ; Connected to dangling logic. Logic that only feeds a dangling port will be removed. ;
; mem_write_data ; Output ; Info     ; Connected to dangling logic. Logic that only feeds a dangling port will be removed. ;
+----------------+--------+----------+-------------------------------------------------------------------------------------+


+-------------------------------+
; Elapsed Time Per Partition    ;
+----------------+--------------+
; Partition Name ; Elapsed Time ;
+----------------+--------------+
; Top            ; 00:00:00     ;
+----------------+--------------+


+-------------------------------+
; Analysis & Synthesis Messages ;
+-------------------------------+
Info: *******************************************************************
Info: Running Quartus Prime Analysis & Synthesis
    Info: Version 22.1std.0 Build 915 10/25/2022 SC Lite Edition
    Info: Processing started: Thu Apr 24 00:44:44 2025
Info: Command: quartus_map --read_settings_files=on --write_settings_files=off Pipeline -c Pipeline
Warning (18236): Number of processors has not been specified which may cause overloading on shared machines.  Set the global assignment NUM_PARALLEL_PROCESSORS in your QSF to an appropriate value for best performance.
Info (20030): Parallel compilation is enabled and will use 4 of the 4 processors detected
Info (12021): Found 1 design units, including 1 entities, in source file alu.sv
    Info (12023): Found entity 1: alu File: C:/Users/Usuario/Desktop/Proyecto-Grupal-1---Arqui-I/Pipeline/alu.sv Line: 1
Info (12021): Found 1 design units, including 1 entities, in source file alu_tb.sv
    Info (12023): Found entity 1: alu_tb File: C:/Users/Usuario/Desktop/Proyecto-Grupal-1---Arqui-I/Pipeline/alu_tb.sv Line: 1
Info (12021): Found 1 design units, including 1 entities, in source file alu_control.sv
    Info (12023): Found entity 1: alu_control File: C:/Users/Usuario/Desktop/Proyecto-Grupal-1---Arqui-I/Pipeline/alu_control.sv Line: 1
Info (12021): Found 1 design units, including 1 entities, in source file control_unit.sv
    Info (12023): Found entity 1: control_unit File: C:/Users/Usuario/Desktop/Proyecto-Grupal-1---Arqui-I/Pipeline/control_unit.sv Line: 1
Info (12021): Found 1 design units, including 1 entities, in source file data_memory.sv
    Info (12023): Found entity 1: data_memory File: C:/Users/Usuario/Desktop/Proyecto-Grupal-1---Arqui-I/Pipeline/data_memory.sv Line: 1
Info (12021): Found 1 design units, including 1 entities, in source file data_memory_tb.sv
    Info (12023): Found entity 1: data_memory_tb File: C:/Users/Usuario/Desktop/Proyecto-Grupal-1---Arqui-I/Pipeline/data_memory_tb.sv Line: 1
Info (12021): Found 1 design units, including 1 entities, in source file imm_gen.sv
    Info (12023): Found entity 1: imm_gen File: C:/Users/Usuario/Desktop/Proyecto-Grupal-1---Arqui-I/Pipeline/imm_gen.sv Line: 1
Info (12021): Found 1 design units, including 1 entities, in source file imm_gen_tb.sv
    Info (12023): Found entity 1: imm_gen_tb File: C:/Users/Usuario/Desktop/Proyecto-Grupal-1---Arqui-I/Pipeline/imm_gen_tb.sv Line: 1
Info (12021): Found 1 design units, including 1 entities, in source file instruction_memory.sv
    Info (12023): Found entity 1: instruction_memory File: C:/Users/Usuario/Desktop/Proyecto-Grupal-1---Arqui-I/Pipeline/instruction_memory.sv Line: 1
Info (12021): Found 1 design units, including 1 entities, in source file instruction_memory_tb.sv
    Info (12023): Found entity 1: instruction_memory_tb File: C:/Users/Usuario/Desktop/Proyecto-Grupal-1---Arqui-I/Pipeline/instruction_memory_tb.sv Line: 1
Info (12021): Found 1 design units, including 1 entities, in source file mux2.sv
    Info (12023): Found entity 1: mux2 File: C:/Users/Usuario/Desktop/Proyecto-Grupal-1---Arqui-I/Pipeline/mux2.sv Line: 1
Info (12021): Found 1 design units, including 1 entities, in source file mux4.sv
    Info (12023): Found entity 1: mux4 File: C:/Users/Usuario/Desktop/Proyecto-Grupal-1---Arqui-I/Pipeline/mux4.sv Line: 1
Info (12021): Found 1 design units, including 1 entities, in source file register_file.sv
    Info (12023): Found entity 1: register_file File: C:/Users/Usuario/Desktop/Proyecto-Grupal-1---Arqui-I/Pipeline/register_file.sv Line: 1
Info (12021): Found 1 design units, including 1 entities, in source file register_file_tb.sv
    Info (12023): Found entity 1: register_file_tb File: C:/Users/Usuario/Desktop/Proyecto-Grupal-1---Arqui-I/Pipeline/register_file_tb.sv Line: 1
Info (12021): Found 1 design units, including 1 entities, in source file datapath_unit.sv
    Info (12023): Found entity 1: datapath_unit File: C:/Users/Usuario/Desktop/Proyecto-Grupal-1---Arqui-I/Pipeline/datapath_unit.sv Line: 1
Info (12021): Found 1 design units, including 1 entities, in source file datapath_unit_tb.sv
    Info (12023): Found entity 1: datapath_unit_tb File: C:/Users/Usuario/Desktop/Proyecto-Grupal-1---Arqui-I/Pipeline/datapath_unit_tb.sv Line: 1
Info (12021): Found 1 design units, including 1 entities, in source file forwarding_unit.sv
    Info (12023): Found entity 1: forwarding_unit File: C:/Users/Usuario/Desktop/Proyecto-Grupal-1---Arqui-I/Pipeline/forwarding_unit.sv Line: 1
Info (12021): Found 1 design units, including 1 entities, in source file hazard_detection_unit.sv
    Info (12023): Found entity 1: hazard_detection_unit File: C:/Users/Usuario/Desktop/Proyecto-Grupal-1---Arqui-I/Pipeline/hazard_detection_unit.sv Line: 1
Info (12021): Found 1 design units, including 1 entities, in source file pipeline.sv
    Info (12023): Found entity 1: pipeline File: C:/Users/Usuario/Desktop/Proyecto-Grupal-1---Arqui-I/Pipeline/pipeline.sv Line: 1
Info (12021): Found 1 design units, including 1 entities, in source file pipeline_tb.sv
    Info (12023): Found entity 1: pipeline_tb File: C:/Users/Usuario/Desktop/Proyecto-Grupal-1---Arqui-I/Pipeline/pipeline_tb.sv Line: 1
Info (12127): Elaborating entity "pipeline_tb" for the top level hierarchy
Warning (10755): Verilog HDL warning at pipeline_tb.sv(66): assignments to clk create a combinational loop File: C:/Users/Usuario/Desktop/Proyecto-Grupal-1---Arqui-I/Pipeline/pipeline_tb.sv Line: 66
Info (10648): Verilog HDL Display System Task info at pipeline_tb.sv(71): Testbench completed successfully File: C:/Users/Usuario/Desktop/Proyecto-Grupal-1---Arqui-I/Pipeline/pipeline_tb.sv Line: 71
Warning (10175): Verilog HDL warning at pipeline_tb.sv(72): ignoring unsupported system task File: C:/Users/Usuario/Desktop/Proyecto-Grupal-1---Arqui-I/Pipeline/pipeline_tb.sv Line: 72
Warning (10175): Verilog HDL warning at pipeline_tb.sv(73): ignoring unsupported system task File: C:/Users/Usuario/Desktop/Proyecto-Grupal-1---Arqui-I/Pipeline/pipeline_tb.sv Line: 73
Info (12128): Elaborating entity "pipeline" for hierarchy "pipeline:dut" File: C:/Users/Usuario/Desktop/Proyecto-Grupal-1---Arqui-I/Pipeline/pipeline_tb.sv Line: 64
Info (12128): Elaborating entity "datapath_unit" for hierarchy "pipeline:dut|datapath_unit:datapath_unit_inst" File: C:/Users/Usuario/Desktop/Proyecto-Grupal-1---Arqui-I/Pipeline/pipeline.sv Line: 68
Warning (10230): Verilog HDL assignment warning at datapath_unit.sv(117): truncated value with size 32 to match size of target (8) File: C:/Users/Usuario/Desktop/Proyecto-Grupal-1---Arqui-I/Pipeline/datapath_unit.sv Line: 117
Warning (10230): Verilog HDL assignment warning at datapath_unit.sv(251): truncated value with size 20 to match size of target (8) File: C:/Users/Usuario/Desktop/Proyecto-Grupal-1---Arqui-I/Pipeline/datapath_unit.sv Line: 251
Warning (10230): Verilog HDL assignment warning at datapath_unit.sv(278): truncated value with size 2 to match size of target (1) File: C:/Users/Usuario/Desktop/Proyecto-Grupal-1---Arqui-I/Pipeline/datapath_unit.sv Line: 278
Info (12128): Elaborating entity "mux2" for hierarchy "pipeline:dut|datapath_unit:datapath_unit_inst|mux2:mux_pcn_pcj" File: C:/Users/Usuario/Desktop/Proyecto-Grupal-1---Arqui-I/Pipeline/datapath_unit.sv Line: 125
Info (12128): Elaborating entity "instruction_memory" for hierarchy "pipeline:dut|datapath_unit:datapath_unit_inst|instruction_memory:instruction_memory_inst" File: C:/Users/Usuario/Desktop/Proyecto-Grupal-1---Arqui-I/Pipeline/datapath_unit.sv Line: 147
Warning (10850): Verilog HDL warning at instruction_memory.sv(16): number of words (143) in memory file does not match the number of elements in the address range [0:255] File: C:/Users/Usuario/Desktop/Proyecto-Grupal-1---Arqui-I/Pipeline/instruction_memory.sv Line: 16
Warning (10030): Net "instruction_memory.data_a" at instruction_memory.sv(12) has no driver or initial value, using a default initial value '0' File: C:/Users/Usuario/Desktop/Proyecto-Grupal-1---Arqui-I/Pipeline/instruction_memory.sv Line: 12
Warning (10030): Net "instruction_memory.waddr_a" at instruction_memory.sv(12) has no driver or initial value, using a default initial value '0' File: C:/Users/Usuario/Desktop/Proyecto-Grupal-1---Arqui-I/Pipeline/instruction_memory.sv Line: 12
Warning (10030): Net "instruction_memory.we_a" at instruction_memory.sv(12) has no driver or initial value, using a default initial value '0' File: C:/Users/Usuario/Desktop/Proyecto-Grupal-1---Arqui-I/Pipeline/instruction_memory.sv Line: 12
Info (12128): Elaborating entity "control_unit" for hierarchy "pipeline:dut|datapath_unit:datapath_unit_inst|control_unit:control_unit_inst" File: C:/Users/Usuario/Desktop/Proyecto-Grupal-1---Arqui-I/Pipeline/datapath_unit.sv Line: 205
Info (12128): Elaborating entity "mux2" for hierarchy "pipeline:dut|datapath_unit:datapath_unit_inst|mux2:mux_1_rs2" File: C:/Users/Usuario/Desktop/Proyecto-Grupal-1---Arqui-I/Pipeline/datapath_unit.sv Line: 213
Info (12128): Elaborating entity "hazard_detection_unit" for hierarchy "pipeline:dut|datapath_unit:datapath_unit_inst|hazard_detection_unit:hazard_detection_unit_inst" File: C:/Users/Usuario/Desktop/Proyecto-Grupal-1---Arqui-I/Pipeline/datapath_unit.sv Line: 224
Info (12128): Elaborating entity "register_file" for hierarchy "pipeline:dut|datapath_unit:datapath_unit_inst|register_file:register_file_inst" File: C:/Users/Usuario/Desktop/Proyecto-Grupal-1---Arqui-I/Pipeline/datapath_unit.sv Line: 240
Info (12128): Elaborating entity "imm_gen" for hierarchy "pipeline:dut|datapath_unit:datapath_unit_inst|imm_gen:imm_gen_inst" File: C:/Users/Usuario/Desktop/Proyecto-Grupal-1---Arqui-I/Pipeline/datapath_unit.sv Line: 246
Info (12128): Elaborating entity "forwarding_unit" for hierarchy "pipeline:dut|datapath_unit:datapath_unit_inst|forwarding_unit:forwarding_unit_inst" File: C:/Users/Usuario/Desktop/Proyecto-Grupal-1---Arqui-I/Pipeline/datapath_unit.sv Line: 326
Info (12128): Elaborating entity "mux4" for hierarchy "pipeline:dut|datapath_unit:datapath_unit_inst|mux4:mux4_A" File: C:/Users/Usuario/Desktop/Proyecto-Grupal-1---Arqui-I/Pipeline/datapath_unit.sv Line: 336
Info (12128): Elaborating entity "mux2" for hierarchy "pipeline:dut|datapath_unit:datapath_unit_inst|mux2:mux_drs2_imm" File: C:/Users/Usuario/Desktop/Proyecto-Grupal-1---Arqui-I/Pipeline/datapath_unit.sv Line: 354
Info (12128): Elaborating entity "alu_control" for hierarchy "pipeline:dut|datapath_unit:datapath_unit_inst|alu_control:alu_control_inst" File: C:/Users/Usuario/Desktop/Proyecto-Grupal-1---Arqui-I/Pipeline/datapath_unit.sv Line: 362
Info (12128): Elaborating entity "alu" for hierarchy "pipeline:dut|datapath_unit:datapath_unit_inst|alu:alu_inst" File: C:/Users/Usuario/Desktop/Proyecto-Grupal-1---Arqui-I/Pipeline/datapath_unit.sv Line: 371
Info (12128): Elaborating entity "data_memory" for hierarchy "pipeline:dut|datapath_unit:datapath_unit_inst|data_memory:data_memory_inst" File: C:/Users/Usuario/Desktop/Proyecto-Grupal-1---Arqui-I/Pipeline/datapath_unit.sv Line: 416
Warning (10850): Verilog HDL warning at data_memory.sv(21): number of words (10004) in memory file does not match the number of elements in the address range [0:1023] File: C:/Users/Usuario/Desktop/Proyecto-Grupal-1---Arqui-I/Pipeline/data_memory.sv Line: 21
Warning (10230): Verilog HDL assignment warning at data_memory.sv(42): truncated value with size 32 to match size of target (20) File: C:/Users/Usuario/Desktop/Proyecto-Grupal-1---Arqui-I/Pipeline/data_memory.sv Line: 42
Warning (10230): Verilog HDL assignment warning at data_memory.sv(53): truncated value with size 32 to match size of target (20) File: C:/Users/Usuario/Desktop/Proyecto-Grupal-1---Arqui-I/Pipeline/data_memory.sv Line: 53
Warning (10230): Verilog HDL assignment warning at data_memory.sv(54): truncated value with size 32 to match size of target (20) File: C:/Users/Usuario/Desktop/Proyecto-Grupal-1---Arqui-I/Pipeline/data_memory.sv Line: 54
Warning (10230): Verilog HDL assignment warning at data_memory.sv(55): truncated value with size 32 to match size of target (20) File: C:/Users/Usuario/Desktop/Proyecto-Grupal-1---Arqui-I/Pipeline/data_memory.sv Line: 55
Warning (10230): Verilog HDL assignment warning at data_memory.sv(56): truncated value with size 32 to match size of target (20) File: C:/Users/Usuario/Desktop/Proyecto-Grupal-1---Arqui-I/Pipeline/data_memory.sv Line: 56
Warning (10240): Verilog HDL Always Construct warning at data_memory.sv(49): inferring latch(es) for variable "read_data", which holds its previous value in one or more paths through the always construct File: C:/Users/Usuario/Desktop/Proyecto-Grupal-1---Arqui-I/Pipeline/data_memory.sv Line: 49
Info (10041): Inferred latch for "read_data[0]" at data_memory.sv(49) File: C:/Users/Usuario/Desktop/Proyecto-Grupal-1---Arqui-I/Pipeline/data_memory.sv Line: 49
Info (10041): Inferred latch for "read_data[1]" at data_memory.sv(49) File: C:/Users/Usuario/Desktop/Proyecto-Grupal-1---Arqui-I/Pipeline/data_memory.sv Line: 49
Info (10041): Inferred latch for "read_data[2]" at data_memory.sv(49) File: C:/Users/Usuario/Desktop/Proyecto-Grupal-1---Arqui-I/Pipeline/data_memory.sv Line: 49
Info (10041): Inferred latch for "read_data[3]" at data_memory.sv(49) File: C:/Users/Usuario/Desktop/Proyecto-Grupal-1---Arqui-I/Pipeline/data_memory.sv Line: 49
Info (10041): Inferred latch for "read_data[4]" at data_memory.sv(49) File: C:/Users/Usuario/Desktop/Proyecto-Grupal-1---Arqui-I/Pipeline/data_memory.sv Line: 49
Info (10041): Inferred latch for "read_data[5]" at data_memory.sv(49) File: C:/Users/Usuario/Desktop/Proyecto-Grupal-1---Arqui-I/Pipeline/data_memory.sv Line: 49
Info (10041): Inferred latch for "read_data[6]" at data_memory.sv(49) File: C:/Users/Usuario/Desktop/Proyecto-Grupal-1---Arqui-I/Pipeline/data_memory.sv Line: 49
Info (10041): Inferred latch for "read_data[7]" at data_memory.sv(49) File: C:/Users/Usuario/Desktop/Proyecto-Grupal-1---Arqui-I/Pipeline/data_memory.sv Line: 49
Info (10041): Inferred latch for "read_data[8]" at data_memory.sv(49) File: C:/Users/Usuario/Desktop/Proyecto-Grupal-1---Arqui-I/Pipeline/data_memory.sv Line: 49
Info (10041): Inferred latch for "read_data[9]" at data_memory.sv(49) File: C:/Users/Usuario/Desktop/Proyecto-Grupal-1---Arqui-I/Pipeline/data_memory.sv Line: 49
Info (10041): Inferred latch for "read_data[10]" at data_memory.sv(49) File: C:/Users/Usuario/Desktop/Proyecto-Grupal-1---Arqui-I/Pipeline/data_memory.sv Line: 49
Info (10041): Inferred latch for "read_data[11]" at data_memory.sv(49) File: C:/Users/Usuario/Desktop/Proyecto-Grupal-1---Arqui-I/Pipeline/data_memory.sv Line: 49
Info (10041): Inferred latch for "read_data[12]" at data_memory.sv(49) File: C:/Users/Usuario/Desktop/Proyecto-Grupal-1---Arqui-I/Pipeline/data_memory.sv Line: 49
Info (10041): Inferred latch for "read_data[13]" at data_memory.sv(49) File: C:/Users/Usuario/Desktop/Proyecto-Grupal-1---Arqui-I/Pipeline/data_memory.sv Line: 49
Info (10041): Inferred latch for "read_data[14]" at data_memory.sv(49) File: C:/Users/Usuario/Desktop/Proyecto-Grupal-1---Arqui-I/Pipeline/data_memory.sv Line: 49
Info (10041): Inferred latch for "read_data[15]" at data_memory.sv(49) File: C:/Users/Usuario/Desktop/Proyecto-Grupal-1---Arqui-I/Pipeline/data_memory.sv Line: 49
Info (10041): Inferred latch for "read_data[16]" at data_memory.sv(49) File: C:/Users/Usuario/Desktop/Proyecto-Grupal-1---Arqui-I/Pipeline/data_memory.sv Line: 49
Info (10041): Inferred latch for "read_data[17]" at data_memory.sv(49) File: C:/Users/Usuario/Desktop/Proyecto-Grupal-1---Arqui-I/Pipeline/data_memory.sv Line: 49
Info (10041): Inferred latch for "read_data[18]" at data_memory.sv(49) File: C:/Users/Usuario/Desktop/Proyecto-Grupal-1---Arqui-I/Pipeline/data_memory.sv Line: 49
Info (10041): Inferred latch for "read_data[19]" at data_memory.sv(49) File: C:/Users/Usuario/Desktop/Proyecto-Grupal-1---Arqui-I/Pipeline/data_memory.sv Line: 49
Error (12061): Can't synthesize current design -- Top partition does not contain any logic
Info (144001): Generated suppressed messages file C:/Users/Usuario/Desktop/Proyecto-Grupal-1---Arqui-I/Pipeline/output_files/Pipeline.map.smsg
Error: Quartus Prime Analysis & Synthesis was unsuccessful. 1 error, 18 warnings
    Error: Peak virtual memory: 4927 megabytes
    Error: Processing ended: Thu Apr 24 00:45:00 2025
    Error: Elapsed time: 00:00:16
    Error: Total CPU time (on all processors): 00:00:32


+------------------------------------------+
; Analysis & Synthesis Suppressed Messages ;
+------------------------------------------+
The suppressed messages can be found in C:/Users/Usuario/Desktop/Proyecto-Grupal-1---Arqui-I/Pipeline/output_files/Pipeline.map.smsg.


